Sun Sep 17 20:09:08 CEST 2017 Thread[Thread-1,5,main] Cleanup action starting
java.sql.SQLException: Database 'memory:zeroclick-database' not found.
	at org.apache.derby.impl.jdbc.SQLExceptionFactory.getSQLException(Unknown Source)
	at org.apache.derby.impl.jdbc.SQLExceptionFactory.getSQLException(Unknown Source)
	at org.apache.derby.impl.jdbc.Util.generateCsSQLException(Unknown Source)
	at org.apache.derby.impl.jdbc.Util.generateCsSQLException(Unknown Source)
	at org.apache.derby.impl.jdbc.EmbedConnection.newSQLException(Unknown Source)
	at org.apache.derby.impl.jdbc.EmbedConnection.handleDBNotFound(Unknown Source)
	at org.apache.derby.impl.jdbc.EmbedConnection.<init>(Unknown Source)
	at org.apache.derby.jdbc.InternalDriver$1.run(Unknown Source)
	at org.apache.derby.jdbc.InternalDriver$1.run(Unknown Source)
	at java.security.AccessController.doPrivileged(Native Method)
	at org.apache.derby.jdbc.InternalDriver.getNewEmbedConnection(Unknown Source)
	at org.apache.derby.jdbc.InternalDriver.connect(Unknown Source)
	at org.apache.derby.jdbc.InternalDriver.connect(Unknown Source)
	at org.apache.derby.jdbc.AutoloadedDriver.connect(Unknown Source)
	at java.sql.DriverManager.getConnection(DriverManager.java:664)
	at java.sql.DriverManager.getConnection(DriverManager.java:270)
	at org.eclipse.scout.rt.server.jdbc.internal.pool.SqlConnectionBuilder.createJdbcConnection(SqlConnectionBuilder.java:63)
	at org.eclipse.scout.rt.server.jdbc.internal.pool.SqlConnectionPool.leaseConnection(SqlConnectionPool.java:103)
	at org.eclipse.scout.rt.server.jdbc.AbstractSqlService.leaseConnectionInternal(AbstractSqlService.java:550)
	at org.eclipse.scout.rt.server.jdbc.AbstractSqlService.execCreateConnection(AbstractSqlService.java:321)
	at org.eclipse.scout.rt.server.jdbc.AbstractSqlService.leaseConnection(AbstractSqlService.java:542)
	at org.eclipse.scout.rt.server.jdbc.AbstractSqlService.getTransaction(AbstractSqlService.java:621)
	at org.eclipse.scout.rt.server.jdbc.AbstractSqlService.select(AbstractSqlService.java:649)
	at org.eclipse.scout.rt.server.jdbc.SQL.select(SQL.java:94)
	at org.zeroclick.meeting.server.sql.DatabaseHelper.isSequenceExists(DatabaseHelper.java:86)
	at org.zeroclick.meeting.server.sql.DatabaseHelper.dropSequence(DatabaseHelper.java:76)
	at org.zeroclick.meeting.server.sql.migrate.data.PatchCreateParamsTable.undo(PatchCreateParamsTable.java:94)
	at org.zeroclick.meeting.server.sql.migrate.AbstractDataPatcher$2.run(AbstractDataPatcher.java:105)
	at org.eclipse.scout.rt.platform.util.concurrent.Callables$1.call(Callables.java:37)
	at org.eclipse.scout.rt.platform.util.concurrent.Callables$1.call(Callables.java:1)
	at org.eclipse.scout.rt.platform.chain.callable.CallableChain$Chain.continueChain(CallableChain.java:185)
	at org.eclipse.scout.rt.server.context.TransactionProcessor.runTxRequiresNew(TransactionProcessor.java:80)
	at org.eclipse.scout.rt.server.context.TransactionProcessor.intercept(TransactionProcessor.java:55)
	at org.eclipse.scout.rt.platform.chain.callable.CallableChain$Chain.continueChain(CallableChain.java:180)
	at org.eclipse.scout.rt.platform.security.SubjectProcessor$1.run(SubjectProcessor.java:47)
	at java.security.AccessController.doPrivileged(Native Method)
	at javax.security.auth.Subject.doAs(Subject.java:422)
	at org.eclipse.scout.rt.platform.security.SubjectProcessor.intercept(SubjectProcessor.java:43)
	at org.eclipse.scout.rt.platform.chain.callable.CallableChain$Chain.continueChain(CallableChain.java:180)
	at org.eclipse.scout.rt.platform.chain.callable.CallableChain.call(CallableChain.java:135)
	at org.eclipse.scout.rt.platform.context.RunContext.call(RunContext.java:121)
	at org.eclipse.scout.rt.platform.context.RunContext.call(RunContext.java:101)
	at org.eclipse.scout.rt.platform.context.RunContext.run(RunContext.java:72)
	at org.zeroclick.meeting.server.sql.migrate.AbstractDataPatcher.remove(AbstractDataPatcher.java:112)
	at org.zeroclick.meeting.server.sql.migrate.DatabaseMigrateService.undoMigration(DatabaseMigrateService.java:56)
	at org.zeroclick.meeting.server.sql.DatabaseSetupService.autoCreateDatabase(DatabaseSetupService.java:66)
	at sun.reflect.NativeMethodAccessorImpl.invoke0(Native Method)
	at sun.reflect.NativeMethodAccessorImpl.invoke(NativeMethodAccessorImpl.java:62)
	at sun.reflect.DelegatingMethodAccessorImpl.invoke(DelegatingMethodAccessorImpl.java:43)
	at java.lang.reflect.Method.invoke(Method.java:498)
	at org.eclipse.scout.rt.platform.internal.BeanInstanceUtil.initializeBeanInstance(BeanInstanceUtil.java:66)
	at org.eclipse.scout.rt.platform.internal.BeanInstanceUtil.createAndInitializeBean(BeanInstanceUtil.java:49)
	at org.eclipse.scout.rt.platform.internal.DefaultBeanInstanceProducer.createInstance(DefaultBeanInstanceProducer.java:101)
	at org.eclipse.scout.rt.platform.internal.DefaultBeanInstanceProducer.safeCreateInstance(DefaultBeanInstanceProducer.java:83)
	at org.eclipse.scout.rt.platform.internal.DefaultBeanInstanceProducer.access$0(DefaultBeanInstanceProducer.java:71)
	at org.eclipse.scout.rt.platform.internal.DefaultBeanInstanceProducer$1.call(DefaultBeanInstanceProducer.java:60)
	at org.eclipse.scout.rt.platform.util.FinalValue.setIfAbsent(FinalValue.java:90)
	at org.eclipse.scout.rt.platform.internal.DefaultBeanInstanceProducer.getApplicationScopedInstance(DefaultBeanInstanceProducer.java:57)
	at org.eclipse.scout.rt.platform.internal.DefaultBeanInstanceProducer.produce(DefaultBeanInstanceProducer.java:34)
	at org.eclipse.scout.rt.platform.internal.BeanImplementor.getInstance(BeanImplementor.java:72)
	at org.eclipse.scout.rt.platform.internal.BeanManagerImplementor.startCreateImmediatelyBeans(BeanManagerImplementor.java:245)
	at org.eclipse.scout.rt.platform.internal.PlatformImplementor.startCreateImmediatelyBeans(PlatformImplementor.java:265)
	at org.eclipse.scout.rt.platform.internal.PlatformImplementor.start(PlatformImplementor.java:145)
	at org.eclipse.scout.rt.platform.internal.PlatformStarter.run(PlatformStarter.java:32)
Caused by: ERROR XJ004: Database 'memory:zeroclick-database' not found.
	at org.apache.derby.iapi.error.StandardException.newException(Unknown Source)
	at org.apache.derby.impl.jdbc.SQLExceptionFactory.wrapArgsForTransportAcrossDRDA(Unknown Source)
	... 64 more
============= begin nested exception, level (1) ===========
ERROR XJ004: Database 'memory:zeroclick-database' not found.
	at org.apache.derby.iapi.error.StandardException.newException(Unknown Source)
	at org.apache.derby.impl.jdbc.SQLExceptionFactory.wrapArgsForTransportAcrossDRDA(Unknown Source)
	at org.apache.derby.impl.jdbc.SQLExceptionFactory.getSQLException(Unknown Source)
	at org.apache.derby.impl.jdbc.SQLExceptionFactory.getSQLException(Unknown Source)
	at org.apache.derby.impl.jdbc.Util.generateCsSQLException(Unknown Source)
	at org.apache.derby.impl.jdbc.Util.generateCsSQLException(Unknown Source)
	at org.apache.derby.impl.jdbc.EmbedConnection.newSQLException(Unknown Source)
	at org.apache.derby.impl.jdbc.EmbedConnection.handleDBNotFound(Unknown Source)
	at org.apache.derby.impl.jdbc.EmbedConnection.<init>(Unknown Source)
	at org.apache.derby.jdbc.InternalDriver$1.run(Unknown Source)
	at org.apache.derby.jdbc.InternalDriver$1.run(Unknown Source)
	at java.security.AccessController.doPrivileged(Native Method)
	at org.apache.derby.jdbc.InternalDriver.getNewEmbedConnection(Unknown Source)
	at org.apache.derby.jdbc.InternalDriver.connect(Unknown Source)
	at org.apache.derby.jdbc.InternalDriver.connect(Unknown Source)
	at org.apache.derby.jdbc.AutoloadedDriver.connect(Unknown Source)
	at java.sql.DriverManager.getConnection(DriverManager.java:664)
	at java.sql.DriverManager.getConnection(DriverManager.java:270)
	at org.eclipse.scout.rt.server.jdbc.internal.pool.SqlConnectionBuilder.createJdbcConnection(SqlConnectionBuilder.java:63)
	at org.eclipse.scout.rt.server.jdbc.internal.pool.SqlConnectionPool.leaseConnection(SqlConnectionPool.java:103)
	at org.eclipse.scout.rt.server.jdbc.AbstractSqlService.leaseConnectionInternal(AbstractSqlService.java:550)
	at org.eclipse.scout.rt.server.jdbc.AbstractSqlService.execCreateConnection(AbstractSqlService.java:321)
	at org.eclipse.scout.rt.server.jdbc.AbstractSqlService.leaseConnection(AbstractSqlService.java:542)
	at org.eclipse.scout.rt.server.jdbc.AbstractSqlService.getTransaction(AbstractSqlService.java:621)
	at org.eclipse.scout.rt.server.jdbc.AbstractSqlService.select(AbstractSqlService.java:649)
	at org.eclipse.scout.rt.server.jdbc.SQL.select(SQL.java:94)
	at org.zeroclick.meeting.server.sql.DatabaseHelper.isSequenceExists(DatabaseHelper.java:86)
	at org.zeroclick.meeting.server.sql.DatabaseHelper.dropSequence(DatabaseHelper.java:76)
	at org.zeroclick.meeting.server.sql.migrate.data.PatchCreateParamsTable.undo(PatchCreateParamsTable.java:94)
	at org.zeroclick.meeting.server.sql.migrate.AbstractDataPatcher$2.run(AbstractDataPatcher.java:105)
	at org.eclipse.scout.rt.platform.util.concurrent.Callables$1.call(Callables.java:37)
	at org.eclipse.scout.rt.platform.util.concurrent.Callables$1.call(Callables.java:1)
	at org.eclipse.scout.rt.platform.chain.callable.CallableChain$Chain.continueChain(CallableChain.java:185)
	at org.eclipse.scout.rt.server.context.TransactionProcessor.runTxRequiresNew(TransactionProcessor.java:80)
	at org.eclipse.scout.rt.server.context.TransactionProcessor.intercept(TransactionProcessor.java:55)
	at org.eclipse.scout.rt.platform.chain.callable.CallableChain$Chain.continueChain(CallableChain.java:180)
	at org.eclipse.scout.rt.platform.security.SubjectProcessor$1.run(SubjectProcessor.java:47)
	at java.security.AccessController.doPrivileged(Native Method)
	at javax.security.auth.Subject.doAs(Subject.java:422)
	at org.eclipse.scout.rt.platform.security.SubjectProcessor.intercept(SubjectProcessor.java:43)
	at org.eclipse.scout.rt.platform.chain.callable.CallableChain$Chain.continueChain(CallableChain.java:180)
	at org.eclipse.scout.rt.platform.chain.callable.CallableChain.call(CallableChain.java:135)
	at org.eclipse.scout.rt.platform.context.RunContext.call(RunContext.java:121)
	at org.eclipse.scout.rt.platform.context.RunContext.call(RunContext.java:101)
	at org.eclipse.scout.rt.platform.context.RunContext.run(RunContext.java:72)
	at org.zeroclick.meeting.server.sql.migrate.AbstractDataPatcher.remove(AbstractDataPatcher.java:112)
	at org.zeroclick.meeting.server.sql.migrate.DatabaseMigrateService.undoMigration(DatabaseMigrateService.java:56)
	at org.zeroclick.meeting.server.sql.DatabaseSetupService.autoCreateDatabase(DatabaseSetupService.java:66)
	at sun.reflect.NativeMethodAccessorImpl.invoke0(Native Method)
	at sun.reflect.NativeMethodAccessorImpl.invoke(NativeMethodAccessorImpl.java:62)
	at sun.reflect.DelegatingMethodAccessorImpl.invoke(DelegatingMethodAccessorImpl.java:43)
	at java.lang.reflect.Method.invoke(Method.java:498)
	at org.eclipse.scout.rt.platform.internal.BeanInstanceUtil.initializeBeanInstance(BeanInstanceUtil.java:66)
	at org.eclipse.scout.rt.platform.internal.BeanInstanceUtil.createAndInitializeBean(BeanInstanceUtil.java:49)
	at org.eclipse.scout.rt.platform.internal.DefaultBeanInstanceProducer.createInstance(DefaultBeanInstanceProducer.java:101)
	at org.eclipse.scout.rt.platform.internal.DefaultBeanInstanceProducer.safeCreateInstance(DefaultBeanInstanceProducer.java:83)
	at org.eclipse.scout.rt.platform.internal.DefaultBeanInstanceProducer.access$0(DefaultBeanInstanceProducer.java:71)
	at org.eclipse.scout.rt.platform.internal.DefaultBeanInstanceProducer$1.call(DefaultBeanInstanceProducer.java:60)
	at org.eclipse.scout.rt.platform.util.FinalValue.setIfAbsent(FinalValue.java:90)
	at org.eclipse.scout.rt.platform.internal.DefaultBeanInstanceProducer.getApplicationScopedInstance(DefaultBeanInstanceProducer.java:57)
	at org.eclipse.scout.rt.platform.internal.DefaultBeanInstanceProducer.produce(DefaultBeanInstanceProducer.java:34)
	at org.eclipse.scout.rt.platform.internal.BeanImplementor.getInstance(BeanImplementor.java:72)
	at org.eclipse.scout.rt.platform.internal.BeanManagerImplementor.startCreateImmediatelyBeans(BeanManagerImplementor.java:245)
	at org.eclipse.scout.rt.platform.internal.PlatformImplementor.startCreateImmediatelyBeans(PlatformImplementor.java:265)
	at org.eclipse.scout.rt.platform.internal.PlatformImplementor.start(PlatformImplementor.java:145)
	at org.eclipse.scout.rt.platform.internal.PlatformStarter.run(PlatformStarter.java:32)
============= end nested exception, level (1) ===========
Cleanup action completed
Sun Sep 17 20:09:08 CEST 2017 Thread[Thread-1,5,main] Cleanup action starting
java.sql.SQLException: Database 'memory:zeroclick-database' not found.
	at org.apache.derby.impl.jdbc.SQLExceptionFactory.getSQLException(Unknown Source)
	at org.apache.derby.impl.jdbc.SQLExceptionFactory.getSQLException(Unknown Source)
	at org.apache.derby.impl.jdbc.Util.generateCsSQLException(Unknown Source)
	at org.apache.derby.impl.jdbc.Util.generateCsSQLException(Unknown Source)
	at org.apache.derby.impl.jdbc.EmbedConnection.newSQLException(Unknown Source)
	at org.apache.derby.impl.jdbc.EmbedConnection.handleDBNotFound(Unknown Source)
	at org.apache.derby.impl.jdbc.EmbedConnection.<init>(Unknown Source)
	at org.apache.derby.jdbc.InternalDriver$1.run(Unknown Source)
	at org.apache.derby.jdbc.InternalDriver$1.run(Unknown Source)
	at java.security.AccessController.doPrivileged(Native Method)
	at org.apache.derby.jdbc.InternalDriver.getNewEmbedConnection(Unknown Source)
	at org.apache.derby.jdbc.InternalDriver.connect(Unknown Source)
	at org.apache.derby.jdbc.InternalDriver.connect(Unknown Source)
	at org.apache.derby.jdbc.AutoloadedDriver.connect(Unknown Source)
	at java.sql.DriverManager.getConnection(DriverManager.java:664)
	at java.sql.DriverManager.getConnection(DriverManager.java:270)
	at org.eclipse.scout.rt.server.jdbc.internal.pool.SqlConnectionBuilder.createJdbcConnection(SqlConnectionBuilder.java:63)
	at org.eclipse.scout.rt.server.jdbc.internal.pool.SqlConnectionPool.leaseConnection(SqlConnectionPool.java:103)
	at org.eclipse.scout.rt.server.jdbc.AbstractSqlService.leaseConnectionInternal(AbstractSqlService.java:550)
	at org.eclipse.scout.rt.server.jdbc.AbstractSqlService.execCreateConnection(AbstractSqlService.java:321)
	at org.eclipse.scout.rt.server.jdbc.AbstractSqlService.leaseConnection(AbstractSqlService.java:542)
	at org.eclipse.scout.rt.server.jdbc.AbstractSqlService.getTransaction(AbstractSqlService.java:621)
	at org.eclipse.scout.rt.server.jdbc.AbstractSqlService.select(AbstractSqlService.java:649)
	at org.eclipse.scout.rt.server.jdbc.SQL.select(SQL.java:94)
	at org.zeroclick.meeting.server.sql.DatabaseHelper.isColumnExists(DatabaseHelper.java:140)
	at org.zeroclick.meeting.server.sql.DatabaseHelper.removeColumn(DatabaseHelper.java:155)
	at org.zeroclick.meeting.server.sql.migrate.data.PatchEventRejectReason.undo(PatchEventRejectReason.java:70)
	at org.zeroclick.meeting.server.sql.migrate.AbstractDataPatcher$2.run(AbstractDataPatcher.java:105)
	at org.eclipse.scout.rt.platform.util.concurrent.Callables$1.call(Callables.java:37)
	at org.eclipse.scout.rt.platform.util.concurrent.Callables$1.call(Callables.java:1)
	at org.eclipse.scout.rt.platform.chain.callable.CallableChain$Chain.continueChain(CallableChain.java:185)
	at org.eclipse.scout.rt.server.context.TransactionProcessor.runTxRequiresNew(TransactionProcessor.java:80)
	at org.eclipse.scout.rt.server.context.TransactionProcessor.intercept(TransactionProcessor.java:55)
	at org.eclipse.scout.rt.platform.chain.callable.CallableChain$Chain.continueChain(CallableChain.java:180)
	at org.eclipse.scout.rt.platform.security.SubjectProcessor$1.run(SubjectProcessor.java:47)
	at java.security.AccessController.doPrivileged(Native Method)
	at javax.security.auth.Subject.doAs(Subject.java:422)
	at org.eclipse.scout.rt.platform.security.SubjectProcessor.intercept(SubjectProcessor.java:43)
	at org.eclipse.scout.rt.platform.chain.callable.CallableChain$Chain.continueChain(CallableChain.java:180)
	at org.eclipse.scout.rt.platform.chain.callable.CallableChain.call(CallableChain.java:135)
	at org.eclipse.scout.rt.platform.context.RunContext.call(RunContext.java:121)
	at org.eclipse.scout.rt.platform.context.RunContext.call(RunContext.java:101)
	at org.eclipse.scout.rt.platform.context.RunContext.run(RunContext.java:72)
	at org.zeroclick.meeting.server.sql.migrate.AbstractDataPatcher.remove(AbstractDataPatcher.java:112)
	at org.zeroclick.meeting.server.sql.migrate.DatabaseMigrateService.undoMigration(DatabaseMigrateService.java:56)
	at org.zeroclick.meeting.server.sql.DatabaseSetupService.autoCreateDatabase(DatabaseSetupService.java:66)
	at sun.reflect.NativeMethodAccessorImpl.invoke0(Native Method)
	at sun.reflect.NativeMethodAccessorImpl.invoke(NativeMethodAccessorImpl.java:62)
	at sun.reflect.DelegatingMethodAccessorImpl.invoke(DelegatingMethodAccessorImpl.java:43)
	at java.lang.reflect.Method.invoke(Method.java:498)
	at org.eclipse.scout.rt.platform.internal.BeanInstanceUtil.initializeBeanInstance(BeanInstanceUtil.java:66)
	at org.eclipse.scout.rt.platform.internal.BeanInstanceUtil.createAndInitializeBean(BeanInstanceUtil.java:49)
	at org.eclipse.scout.rt.platform.internal.DefaultBeanInstanceProducer.createInstance(DefaultBeanInstanceProducer.java:101)
	at org.eclipse.scout.rt.platform.internal.DefaultBeanInstanceProducer.safeCreateInstance(DefaultBeanInstanceProducer.java:83)
	at org.eclipse.scout.rt.platform.internal.DefaultBeanInstanceProducer.access$0(DefaultBeanInstanceProducer.java:71)
	at org.eclipse.scout.rt.platform.internal.DefaultBeanInstanceProducer$1.call(DefaultBeanInstanceProducer.java:60)
	at org.eclipse.scout.rt.platform.util.FinalValue.setIfAbsent(FinalValue.java:90)
	at org.eclipse.scout.rt.platform.internal.DefaultBeanInstanceProducer.getApplicationScopedInstance(DefaultBeanInstanceProducer.java:57)
	at org.eclipse.scout.rt.platform.internal.DefaultBeanInstanceProducer.produce(DefaultBeanInstanceProducer.java:34)
	at org.eclipse.scout.rt.platform.internal.BeanImplementor.getInstance(BeanImplementor.java:72)
	at org.eclipse.scout.rt.platform.internal.BeanManagerImplementor.startCreateImmediatelyBeans(BeanManagerImplementor.java:245)
	at org.eclipse.scout.rt.platform.internal.PlatformImplementor.startCreateImmediatelyBeans(PlatformImplementor.java:265)
	at org.eclipse.scout.rt.platform.internal.PlatformImplementor.start(PlatformImplementor.java:145)
	at org.eclipse.scout.rt.platform.internal.PlatformStarter.run(PlatformStarter.java:32)
Caused by: ERROR XJ004: Database 'memory:zeroclick-database' not found.
	at org.apache.derby.iapi.error.StandardException.newException(Unknown Source)
	at org.apache.derby.impl.jdbc.SQLExceptionFactory.wrapArgsForTransportAcrossDRDA(Unknown Source)
	... 64 more
============= begin nested exception, level (1) ===========
ERROR XJ004: Database 'memory:zeroclick-database' not found.
	at org.apache.derby.iapi.error.StandardException.newException(Unknown Source)
	at org.apache.derby.impl.jdbc.SQLExceptionFactory.wrapArgsForTransportAcrossDRDA(Unknown Source)
	at org.apache.derby.impl.jdbc.SQLExceptionFactory.getSQLException(Unknown Source)
	at org.apache.derby.impl.jdbc.SQLExceptionFactory.getSQLException(Unknown Source)
	at org.apache.derby.impl.jdbc.Util.generateCsSQLException(Unknown Source)
	at org.apache.derby.impl.jdbc.Util.generateCsSQLException(Unknown Source)
	at org.apache.derby.impl.jdbc.EmbedConnection.newSQLException(Unknown Source)
	at org.apache.derby.impl.jdbc.EmbedConnection.handleDBNotFound(Unknown Source)
	at org.apache.derby.impl.jdbc.EmbedConnection.<init>(Unknown Source)
	at org.apache.derby.jdbc.InternalDriver$1.run(Unknown Source)
	at org.apache.derby.jdbc.InternalDriver$1.run(Unknown Source)
	at java.security.AccessController.doPrivileged(Native Method)
	at org.apache.derby.jdbc.InternalDriver.getNewEmbedConnection(Unknown Source)
	at org.apache.derby.jdbc.InternalDriver.connect(Unknown Source)
	at org.apache.derby.jdbc.InternalDriver.connect(Unknown Source)
	at org.apache.derby.jdbc.AutoloadedDriver.connect(Unknown Source)
	at java.sql.DriverManager.getConnection(DriverManager.java:664)
	at java.sql.DriverManager.getConnection(DriverManager.java:270)
	at org.eclipse.scout.rt.server.jdbc.internal.pool.SqlConnectionBuilder.createJdbcConnection(SqlConnectionBuilder.java:63)
	at org.eclipse.scout.rt.server.jdbc.internal.pool.SqlConnectionPool.leaseConnection(SqlConnectionPool.java:103)
	at org.eclipse.scout.rt.server.jdbc.AbstractSqlService.leaseConnectionInternal(AbstractSqlService.java:550)
	at org.eclipse.scout.rt.server.jdbc.AbstractSqlService.execCreateConnection(AbstractSqlService.java:321)
	at org.eclipse.scout.rt.server.jdbc.AbstractSqlService.leaseConnection(AbstractSqlService.java:542)
	at org.eclipse.scout.rt.server.jdbc.AbstractSqlService.getTransaction(AbstractSqlService.java:621)
	at org.eclipse.scout.rt.server.jdbc.AbstractSqlService.select(AbstractSqlService.java:649)
	at org.eclipse.scout.rt.server.jdbc.SQL.select(SQL.java:94)
	at org.zeroclick.meeting.server.sql.DatabaseHelper.isColumnExists(DatabaseHelper.java:140)
	at org.zeroclick.meeting.server.sql.DatabaseHelper.removeColumn(DatabaseHelper.java:155)
	at org.zeroclick.meeting.server.sql.migrate.data.PatchEventRejectReason.undo(PatchEventRejectReason.java:70)
	at org.zeroclick.meeting.server.sql.migrate.AbstractDataPatcher$2.run(AbstractDataPatcher.java:105)
	at org.eclipse.scout.rt.platform.util.concurrent.Callables$1.call(Callables.java:37)
	at org.eclipse.scout.rt.platform.util.concurrent.Callables$1.call(Callables.java:1)
	at org.eclipse.scout.rt.platform.chain.callable.CallableChain$Chain.continueChain(CallableChain.java:185)
	at org.eclipse.scout.rt.server.context.TransactionProcessor.runTxRequiresNew(TransactionProcessor.java:80)
	at org.eclipse.scout.rt.server.context.TransactionProcessor.intercept(TransactionProcessor.java:55)
	at org.eclipse.scout.rt.platform.chain.callable.CallableChain$Chain.continueChain(CallableChain.java:180)
	at org.eclipse.scout.rt.platform.security.SubjectProcessor$1.run(SubjectProcessor.java:47)
	at java.security.AccessController.doPrivileged(Native Method)
	at javax.security.auth.Subject.doAs(Subject.java:422)
	at org.eclipse.scout.rt.platform.security.SubjectProcessor.intercept(SubjectProcessor.java:43)
	at org.eclipse.scout.rt.platform.chain.callable.CallableChain$Chain.continueChain(CallableChain.java:180)
	at org.eclipse.scout.rt.platform.chain.callable.CallableChain.call(CallableChain.java:135)
	at org.eclipse.scout.rt.platform.context.RunContext.call(RunContext.java:121)
	at org.eclipse.scout.rt.platform.context.RunContext.call(RunContext.java:101)
	at org.eclipse.scout.rt.platform.context.RunContext.run(RunContext.java:72)
	at org.zeroclick.meeting.server.sql.migrate.AbstractDataPatcher.remove(AbstractDataPatcher.java:112)
	at org.zeroclick.meeting.server.sql.migrate.DatabaseMigrateService.undoMigration(DatabaseMigrateService.java:56)
	at org.zeroclick.meeting.server.sql.DatabaseSetupService.autoCreateDatabase(DatabaseSetupService.java:66)
	at sun.reflect.NativeMethodAccessorImpl.invoke0(Native Method)
	at sun.reflect.NativeMethodAccessorImpl.invoke(NativeMethodAccessorImpl.java:62)
	at sun.reflect.DelegatingMethodAccessorImpl.invoke(DelegatingMethodAccessorImpl.java:43)
	at java.lang.reflect.Method.invoke(Method.java:498)
	at org.eclipse.scout.rt.platform.internal.BeanInstanceUtil.initializeBeanInstance(BeanInstanceUtil.java:66)
	at org.eclipse.scout.rt.platform.internal.BeanInstanceUtil.createAndInitializeBean(BeanInstanceUtil.java:49)
	at org.eclipse.scout.rt.platform.internal.DefaultBeanInstanceProducer.createInstance(DefaultBeanInstanceProducer.java:101)
	at org.eclipse.scout.rt.platform.internal.DefaultBeanInstanceProducer.safeCreateInstance(DefaultBeanInstanceProducer.java:83)
	at org.eclipse.scout.rt.platform.internal.DefaultBeanInstanceProducer.access$0(DefaultBeanInstanceProducer.java:71)
	at org.eclipse.scout.rt.platform.internal.DefaultBeanInstanceProducer$1.call(DefaultBeanInstanceProducer.java:60)
	at org.eclipse.scout.rt.platform.util.FinalValue.setIfAbsent(FinalValue.java:90)
	at org.eclipse.scout.rt.platform.internal.DefaultBeanInstanceProducer.getApplicationScopedInstance(DefaultBeanInstanceProducer.java:57)
	at org.eclipse.scout.rt.platform.internal.DefaultBeanInstanceProducer.produce(DefaultBeanInstanceProducer.java:34)
	at org.eclipse.scout.rt.platform.internal.BeanImplementor.getInstance(BeanImplementor.java:72)
	at org.eclipse.scout.rt.platform.internal.BeanManagerImplementor.startCreateImmediatelyBeans(BeanManagerImplementor.java:245)
	at org.eclipse.scout.rt.platform.internal.PlatformImplementor.startCreateImmediatelyBeans(PlatformImplementor.java:265)
	at org.eclipse.scout.rt.platform.internal.PlatformImplementor.start(PlatformImplementor.java:145)
	at org.eclipse.scout.rt.platform.internal.PlatformStarter.run(PlatformStarter.java:32)
============= end nested exception, level (1) ===========
Cleanup action completed
Sun Sep 17 20:09:08 CEST 2017 Thread[Thread-1,5,main] Cleanup action starting
java.sql.SQLException: Database 'memory:zeroclick-database' not found.
	at org.apache.derby.impl.jdbc.SQLExceptionFactory.getSQLException(Unknown Source)
	at org.apache.derby.impl.jdbc.SQLExceptionFactory.getSQLException(Unknown Source)
	at org.apache.derby.impl.jdbc.Util.generateCsSQLException(Unknown Source)
	at org.apache.derby.impl.jdbc.Util.generateCsSQLException(Unknown Source)
	at org.apache.derby.impl.jdbc.EmbedConnection.newSQLException(Unknown Source)
	at org.apache.derby.impl.jdbc.EmbedConnection.handleDBNotFound(Unknown Source)
	at org.apache.derby.impl.jdbc.EmbedConnection.<init>(Unknown Source)
	at org.apache.derby.jdbc.InternalDriver$1.run(Unknown Source)
	at org.apache.derby.jdbc.InternalDriver$1.run(Unknown Source)
	at java.security.AccessController.doPrivileged(Native Method)
	at org.apache.derby.jdbc.InternalDriver.getNewEmbedConnection(Unknown Source)
	at org.apache.derby.jdbc.InternalDriver.connect(Unknown Source)
	at org.apache.derby.jdbc.InternalDriver.connect(Unknown Source)
	at org.apache.derby.jdbc.AutoloadedDriver.connect(Unknown Source)
	at java.sql.DriverManager.getConnection(DriverManager.java:664)
	at java.sql.DriverManager.getConnection(DriverManager.java:270)
	at org.eclipse.scout.rt.server.jdbc.internal.pool.SqlConnectionBuilder.createJdbcConnection(SqlConnectionBuilder.java:63)
	at org.eclipse.scout.rt.server.jdbc.internal.pool.SqlConnectionPool.leaseConnection(SqlConnectionPool.java:103)
	at org.eclipse.scout.rt.server.jdbc.AbstractSqlService.leaseConnectionInternal(AbstractSqlService.java:550)
	at org.eclipse.scout.rt.server.jdbc.AbstractSqlService.execCreateConnection(AbstractSqlService.java:321)
	at org.eclipse.scout.rt.server.jdbc.AbstractSqlService.leaseConnection(AbstractSqlService.java:542)
	at org.eclipse.scout.rt.server.jdbc.AbstractSqlService.getTransaction(AbstractSqlService.java:621)
	at org.eclipse.scout.rt.server.jdbc.AbstractSqlService.select(AbstractSqlService.java:649)
	at org.eclipse.scout.rt.server.jdbc.SQL.select(SQL.java:94)
	at org.zeroclick.meeting.server.sql.DatabaseHelper.isColumnExists(DatabaseHelper.java:140)
	at org.zeroclick.meeting.server.sql.DatabaseHelper.removeColumn(DatabaseHelper.java:155)
	at org.zeroclick.meeting.server.sql.migrate.data.PatchInvitedBy.undo(PatchInvitedBy.java:86)
	at org.zeroclick.meeting.server.sql.migrate.AbstractDataPatcher$2.run(AbstractDataPatcher.java:105)
	at org.eclipse.scout.rt.platform.util.concurrent.Callables$1.call(Callables.java:37)
	at org.eclipse.scout.rt.platform.util.concurrent.Callables$1.call(Callables.java:1)
	at org.eclipse.scout.rt.platform.chain.callable.CallableChain$Chain.continueChain(CallableChain.java:185)
	at org.eclipse.scout.rt.server.context.TransactionProcessor.runTxRequiresNew(TransactionProcessor.java:80)
	at org.eclipse.scout.rt.server.context.TransactionProcessor.intercept(TransactionProcessor.java:55)
	at org.eclipse.scout.rt.platform.chain.callable.CallableChain$Chain.continueChain(CallableChain.java:180)
	at org.eclipse.scout.rt.platform.security.SubjectProcessor$1.run(SubjectProcessor.java:47)
	at java.security.AccessController.doPrivileged(Native Method)
	at javax.security.auth.Subject.doAs(Subject.java:422)
	at org.eclipse.scout.rt.platform.security.SubjectProcessor.intercept(SubjectProcessor.java:43)
	at org.eclipse.scout.rt.platform.chain.callable.CallableChain$Chain.continueChain(CallableChain.java:180)
	at org.eclipse.scout.rt.platform.chain.callable.CallableChain.call(CallableChain.java:135)
	at org.eclipse.scout.rt.platform.context.RunContext.call(RunContext.java:121)
	at org.eclipse.scout.rt.platform.context.RunContext.call(RunContext.java:101)
	at org.eclipse.scout.rt.platform.context.RunContext.run(RunContext.java:72)
	at org.zeroclick.meeting.server.sql.migrate.AbstractDataPatcher.remove(AbstractDataPatcher.java:112)
	at org.zeroclick.meeting.server.sql.migrate.DatabaseMigrateService.undoMigration(DatabaseMigrateService.java:56)
	at org.zeroclick.meeting.server.sql.DatabaseSetupService.autoCreateDatabase(DatabaseSetupService.java:66)
	at sun.reflect.NativeMethodAccessorImpl.invoke0(Native Method)
	at sun.reflect.NativeMethodAccessorImpl.invoke(NativeMethodAccessorImpl.java:62)
	at sun.reflect.DelegatingMethodAccessorImpl.invoke(DelegatingMethodAccessorImpl.java:43)
	at java.lang.reflect.Method.invoke(Method.java:498)
	at org.eclipse.scout.rt.platform.internal.BeanInstanceUtil.initializeBeanInstance(BeanInstanceUtil.java:66)
	at org.eclipse.scout.rt.platform.internal.BeanInstanceUtil.createAndInitializeBean(BeanInstanceUtil.java:49)
	at org.eclipse.scout.rt.platform.internal.DefaultBeanInstanceProducer.createInstance(DefaultBeanInstanceProducer.java:101)
	at org.eclipse.scout.rt.platform.internal.DefaultBeanInstanceProducer.safeCreateInstance(DefaultBeanInstanceProducer.java:83)
	at org.eclipse.scout.rt.platform.internal.DefaultBeanInstanceProducer.access$0(DefaultBeanInstanceProducer.java:71)
	at org.eclipse.scout.rt.platform.internal.DefaultBeanInstanceProducer$1.call(DefaultBeanInstanceProducer.java:60)
	at org.eclipse.scout.rt.platform.util.FinalValue.setIfAbsent(FinalValue.java:90)
	at org.eclipse.scout.rt.platform.internal.DefaultBeanInstanceProducer.getApplicationScopedInstance(DefaultBeanInstanceProducer.java:57)
	at org.eclipse.scout.rt.platform.internal.DefaultBeanInstanceProducer.produce(DefaultBeanInstanceProducer.java:34)
	at org.eclipse.scout.rt.platform.internal.BeanImplementor.getInstance(BeanImplementor.java:72)
	at org.eclipse.scout.rt.platform.internal.BeanManagerImplementor.startCreateImmediatelyBeans(BeanManagerImplementor.java:245)
	at org.eclipse.scout.rt.platform.internal.PlatformImplementor.startCreateImmediatelyBeans(PlatformImplementor.java:265)
	at org.eclipse.scout.rt.platform.internal.PlatformImplementor.start(PlatformImplementor.java:145)
	at org.eclipse.scout.rt.platform.internal.PlatformStarter.run(PlatformStarter.java:32)
Caused by: ERROR XJ004: Database 'memory:zeroclick-database' not found.
	at org.apache.derby.iapi.error.StandardException.newException(Unknown Source)
	at org.apache.derby.impl.jdbc.SQLExceptionFactory.wrapArgsForTransportAcrossDRDA(Unknown Source)
	... 64 more
============= begin nested exception, level (1) ===========
ERROR XJ004: Database 'memory:zeroclick-database' not found.
	at org.apache.derby.iapi.error.StandardException.newException(Unknown Source)
	at org.apache.derby.impl.jdbc.SQLExceptionFactory.wrapArgsForTransportAcrossDRDA(Unknown Source)
	at org.apache.derby.impl.jdbc.SQLExceptionFactory.getSQLException(Unknown Source)
	at org.apache.derby.impl.jdbc.SQLExceptionFactory.getSQLException(Unknown Source)
	at org.apache.derby.impl.jdbc.Util.generateCsSQLException(Unknown Source)
	at org.apache.derby.impl.jdbc.Util.generateCsSQLException(Unknown Source)
	at org.apache.derby.impl.jdbc.EmbedConnection.newSQLException(Unknown Source)
	at org.apache.derby.impl.jdbc.EmbedConnection.handleDBNotFound(Unknown Source)
	at org.apache.derby.impl.jdbc.EmbedConnection.<init>(Unknown Source)
	at org.apache.derby.jdbc.InternalDriver$1.run(Unknown Source)
	at org.apache.derby.jdbc.InternalDriver$1.run(Unknown Source)
	at java.security.AccessController.doPrivileged(Native Method)
	at org.apache.derby.jdbc.InternalDriver.getNewEmbedConnection(Unknown Source)
	at org.apache.derby.jdbc.InternalDriver.connect(Unknown Source)
	at org.apache.derby.jdbc.InternalDriver.connect(Unknown Source)
	at org.apache.derby.jdbc.AutoloadedDriver.connect(Unknown Source)
	at java.sql.DriverManager.getConnection(DriverManager.java:664)
	at java.sql.DriverManager.getConnection(DriverManager.java:270)
	at org.eclipse.scout.rt.server.jdbc.internal.pool.SqlConnectionBuilder.createJdbcConnection(SqlConnectionBuilder.java:63)
	at org.eclipse.scout.rt.server.jdbc.internal.pool.SqlConnectionPool.leaseConnection(SqlConnectionPool.java:103)
	at org.eclipse.scout.rt.server.jdbc.AbstractSqlService.leaseConnectionInternal(AbstractSqlService.java:550)
	at org.eclipse.scout.rt.server.jdbc.AbstractSqlService.execCreateConnection(AbstractSqlService.java:321)
	at org.eclipse.scout.rt.server.jdbc.AbstractSqlService.leaseConnection(AbstractSqlService.java:542)
	at org.eclipse.scout.rt.server.jdbc.AbstractSqlService.getTransaction(AbstractSqlService.java:621)
	at org.eclipse.scout.rt.server.jdbc.AbstractSqlService.select(AbstractSqlService.java:649)
	at org.eclipse.scout.rt.server.jdbc.SQL.select(SQL.java:94)
	at org.zeroclick.meeting.server.sql.DatabaseHelper.isColumnExists(DatabaseHelper.java:140)
	at org.zeroclick.meeting.server.sql.DatabaseHelper.removeColumn(DatabaseHelper.java:155)
	at org.zeroclick.meeting.server.sql.migrate.data.PatchInvitedBy.undo(PatchInvitedBy.java:86)
	at org.zeroclick.meeting.server.sql.migrate.AbstractDataPatcher$2.run(AbstractDataPatcher.java:105)
	at org.eclipse.scout.rt.platform.util.concurrent.Callables$1.call(Callables.java:37)
	at org.eclipse.scout.rt.platform.util.concurrent.Callables$1.call(Callables.java:1)
	at org.eclipse.scout.rt.platform.chain.callable.CallableChain$Chain.continueChain(CallableChain.java:185)
	at org.eclipse.scout.rt.server.context.TransactionProcessor.runTxRequiresNew(TransactionProcessor.java:80)
	at org.eclipse.scout.rt.server.context.TransactionProcessor.intercept(TransactionProcessor.java:55)
	at org.eclipse.scout.rt.platform.chain.callable.CallableChain$Chain.continueChain(CallableChain.java:180)
	at org.eclipse.scout.rt.platform.security.SubjectProcessor$1.run(SubjectProcessor.java:47)
	at java.security.AccessController.doPrivileged(Native Method)
	at javax.security.auth.Subject.doAs(Subject.java:422)
	at org.eclipse.scout.rt.platform.security.SubjectProcessor.intercept(SubjectProcessor.java:43)
	at org.eclipse.scout.rt.platform.chain.callable.CallableChain$Chain.continueChain(CallableChain.java:180)
	at org.eclipse.scout.rt.platform.chain.callable.CallableChain.call(CallableChain.java:135)
	at org.eclipse.scout.rt.platform.context.RunContext.call(RunContext.java:121)
	at org.eclipse.scout.rt.platform.context.RunContext.call(RunContext.java:101)
	at org.eclipse.scout.rt.platform.context.RunContext.run(RunContext.java:72)
	at org.zeroclick.meeting.server.sql.migrate.AbstractDataPatcher.remove(AbstractDataPatcher.java:112)
	at org.zeroclick.meeting.server.sql.migrate.DatabaseMigrateService.undoMigration(DatabaseMigrateService.java:56)
	at org.zeroclick.meeting.server.sql.DatabaseSetupService.autoCreateDatabase(DatabaseSetupService.java:66)
	at sun.reflect.NativeMethodAccessorImpl.invoke0(Native Method)
	at sun.reflect.NativeMethodAccessorImpl.invoke(NativeMethodAccessorImpl.java:62)
	at sun.reflect.DelegatingMethodAccessorImpl.invoke(DelegatingMethodAccessorImpl.java:43)
	at java.lang.reflect.Method.invoke(Method.java:498)
	at org.eclipse.scout.rt.platform.internal.BeanInstanceUtil.initializeBeanInstance(BeanInstanceUtil.java:66)
	at org.eclipse.scout.rt.platform.internal.BeanInstanceUtil.createAndInitializeBean(BeanInstanceUtil.java:49)
	at org.eclipse.scout.rt.platform.internal.DefaultBeanInstanceProducer.createInstance(DefaultBeanInstanceProducer.java:101)
	at org.eclipse.scout.rt.platform.internal.DefaultBeanInstanceProducer.safeCreateInstance(DefaultBeanInstanceProducer.java:83)
	at org.eclipse.scout.rt.platform.internal.DefaultBeanInstanceProducer.access$0(DefaultBeanInstanceProducer.java:71)
	at org.eclipse.scout.rt.platform.internal.DefaultBeanInstanceProducer$1.call(DefaultBeanInstanceProducer.java:60)
	at org.eclipse.scout.rt.platform.util.FinalValue.setIfAbsent(FinalValue.java:90)
	at org.eclipse.scout.rt.platform.internal.DefaultBeanInstanceProducer.getApplicationScopedInstance(DefaultBeanInstanceProducer.java:57)
	at org.eclipse.scout.rt.platform.internal.DefaultBeanInstanceProducer.produce(DefaultBeanInstanceProducer.java:34)
	at org.eclipse.scout.rt.platform.internal.BeanImplementor.getInstance(BeanImplementor.java:72)
	at org.eclipse.scout.rt.platform.internal.BeanManagerImplementor.startCreateImmediatelyBeans(BeanManagerImplementor.java:245)
	at org.eclipse.scout.rt.platform.internal.PlatformImplementor.startCreateImmediatelyBeans(PlatformImplementor.java:265)
	at org.eclipse.scout.rt.platform.internal.PlatformImplementor.start(PlatformImplementor.java:145)
	at org.eclipse.scout.rt.platform.internal.PlatformStarter.run(PlatformStarter.java:32)
============= end nested exception, level (1) ===========
Cleanup action completed
Sun Sep 17 20:09:08 CEST 2017 Thread[Thread-1,5,main] Cleanup action starting
java.sql.SQLException: Database 'memory:zeroclick-database' not found.
	at org.apache.derby.impl.jdbc.SQLExceptionFactory.getSQLException(Unknown Source)
	at org.apache.derby.impl.jdbc.SQLExceptionFactory.getSQLException(Unknown Source)
	at org.apache.derby.impl.jdbc.Util.generateCsSQLException(Unknown Source)
	at org.apache.derby.impl.jdbc.Util.generateCsSQLException(Unknown Source)
	at org.apache.derby.impl.jdbc.EmbedConnection.newSQLException(Unknown Source)
	at org.apache.derby.impl.jdbc.EmbedConnection.handleDBNotFound(Unknown Source)
	at org.apache.derby.impl.jdbc.EmbedConnection.<init>(Unknown Source)
	at org.apache.derby.jdbc.InternalDriver$1.run(Unknown Source)
	at org.apache.derby.jdbc.InternalDriver$1.run(Unknown Source)
	at java.security.AccessController.doPrivileged(Native Method)
	at org.apache.derby.jdbc.InternalDriver.getNewEmbedConnection(Unknown Source)
	at org.apache.derby.jdbc.InternalDriver.connect(Unknown Source)
	at org.apache.derby.jdbc.InternalDriver.connect(Unknown Source)
	at org.apache.derby.jdbc.AutoloadedDriver.connect(Unknown Source)
	at java.sql.DriverManager.getConnection(DriverManager.java:664)
	at java.sql.DriverManager.getConnection(DriverManager.java:270)
	at org.eclipse.scout.rt.server.jdbc.internal.pool.SqlConnectionBuilder.createJdbcConnection(SqlConnectionBuilder.java:63)
	at org.eclipse.scout.rt.server.jdbc.internal.pool.SqlConnectionPool.leaseConnection(SqlConnectionPool.java:103)
	at org.eclipse.scout.rt.server.jdbc.AbstractSqlService.leaseConnectionInternal(AbstractSqlService.java:550)
	at org.eclipse.scout.rt.server.jdbc.AbstractSqlService.execCreateConnection(AbstractSqlService.java:321)
	at org.eclipse.scout.rt.server.jdbc.AbstractSqlService.leaseConnection(AbstractSqlService.java:542)
	at org.eclipse.scout.rt.server.jdbc.AbstractSqlService.getTransaction(AbstractSqlService.java:621)
	at org.eclipse.scout.rt.server.jdbc.AbstractSqlService.select(AbstractSqlService.java:649)
	at org.eclipse.scout.rt.server.jdbc.SQL.select(SQL.java:94)
	at org.zeroclick.meeting.server.sql.DatabaseHelper.isColumnExists(DatabaseHelper.java:140)
	at org.zeroclick.meeting.server.sql.DatabaseHelper.removeColumn(DatabaseHelper.java:155)
	at org.zeroclick.meeting.server.sql.migrate.data.PatchUserLanguage.undo(PatchUserLanguage.java:87)
	at org.zeroclick.meeting.server.sql.migrate.AbstractDataPatcher$2.run(AbstractDataPatcher.java:105)
	at org.eclipse.scout.rt.platform.util.concurrent.Callables$1.call(Callables.java:37)
	at org.eclipse.scout.rt.platform.util.concurrent.Callables$1.call(Callables.java:1)
	at org.eclipse.scout.rt.platform.chain.callable.CallableChain$Chain.continueChain(CallableChain.java:185)
	at org.eclipse.scout.rt.server.context.TransactionProcessor.runTxRequiresNew(TransactionProcessor.java:80)
	at org.eclipse.scout.rt.server.context.TransactionProcessor.intercept(TransactionProcessor.java:55)
	at org.eclipse.scout.rt.platform.chain.callable.CallableChain$Chain.continueChain(CallableChain.java:180)
	at org.eclipse.scout.rt.platform.security.SubjectProcessor$1.run(SubjectProcessor.java:47)
	at java.security.AccessController.doPrivileged(Native Method)
	at javax.security.auth.Subject.doAs(Subject.java:422)
	at org.eclipse.scout.rt.platform.security.SubjectProcessor.intercept(SubjectProcessor.java:43)
	at org.eclipse.scout.rt.platform.chain.callable.CallableChain$Chain.continueChain(CallableChain.java:180)
	at org.eclipse.scout.rt.platform.chain.callable.CallableChain.call(CallableChain.java:135)
	at org.eclipse.scout.rt.platform.context.RunContext.call(RunContext.java:121)
	at org.eclipse.scout.rt.platform.context.RunContext.call(RunContext.java:101)
	at org.eclipse.scout.rt.platform.context.RunContext.run(RunContext.java:72)
	at org.zeroclick.meeting.server.sql.migrate.AbstractDataPatcher.remove(AbstractDataPatcher.java:112)
	at org.zeroclick.meeting.server.sql.migrate.DatabaseMigrateService.undoMigration(DatabaseMigrateService.java:56)
	at org.zeroclick.meeting.server.sql.DatabaseSetupService.autoCreateDatabase(DatabaseSetupService.java:66)
	at sun.reflect.NativeMethodAccessorImpl.invoke0(Native Method)
	at sun.reflect.NativeMethodAccessorImpl.invoke(NativeMethodAccessorImpl.java:62)
	at sun.reflect.DelegatingMethodAccessorImpl.invoke(DelegatingMethodAccessorImpl.java:43)
	at java.lang.reflect.Method.invoke(Method.java:498)
	at org.eclipse.scout.rt.platform.internal.BeanInstanceUtil.initializeBeanInstance(BeanInstanceUtil.java:66)
	at org.eclipse.scout.rt.platform.internal.BeanInstanceUtil.createAndInitializeBean(BeanInstanceUtil.java:49)
	at org.eclipse.scout.rt.platform.internal.DefaultBeanInstanceProducer.createInstance(DefaultBeanInstanceProducer.java:101)
	at org.eclipse.scout.rt.platform.internal.DefaultBeanInstanceProducer.safeCreateInstance(DefaultBeanInstanceProducer.java:83)
	at org.eclipse.scout.rt.platform.internal.DefaultBeanInstanceProducer.access$0(DefaultBeanInstanceProducer.java:71)
	at org.eclipse.scout.rt.platform.internal.DefaultBeanInstanceProducer$1.call(DefaultBeanInstanceProducer.java:60)
	at org.eclipse.scout.rt.platform.util.FinalValue.setIfAbsent(FinalValue.java:90)
	at org.eclipse.scout.rt.platform.internal.DefaultBeanInstanceProducer.getApplicationScopedInstance(DefaultBeanInstanceProducer.java:57)
	at org.eclipse.scout.rt.platform.internal.DefaultBeanInstanceProducer.produce(DefaultBeanInstanceProducer.java:34)
	at org.eclipse.scout.rt.platform.internal.BeanImplementor.getInstance(BeanImplementor.java:72)
	at org.eclipse.scout.rt.platform.internal.BeanManagerImplementor.startCreateImmediatelyBeans(BeanManagerImplementor.java:245)
	at org.eclipse.scout.rt.platform.internal.PlatformImplementor.startCreateImmediatelyBeans(PlatformImplementor.java:265)
	at org.eclipse.scout.rt.platform.internal.PlatformImplementor.start(PlatformImplementor.java:145)
	at org.eclipse.scout.rt.platform.internal.PlatformStarter.run(PlatformStarter.java:32)
Caused by: ERROR XJ004: Database 'memory:zeroclick-database' not found.
	at org.apache.derby.iapi.error.StandardException.newException(Unknown Source)
	at org.apache.derby.impl.jdbc.SQLExceptionFactory.wrapArgsForTransportAcrossDRDA(Unknown Source)
	... 64 more
============= begin nested exception, level (1) ===========
ERROR XJ004: Database 'memory:zeroclick-database' not found.
	at org.apache.derby.iapi.error.StandardException.newException(Unknown Source)
	at org.apache.derby.impl.jdbc.SQLExceptionFactory.wrapArgsForTransportAcrossDRDA(Unknown Source)
	at org.apache.derby.impl.jdbc.SQLExceptionFactory.getSQLException(Unknown Source)
	at org.apache.derby.impl.jdbc.SQLExceptionFactory.getSQLException(Unknown Source)
	at org.apache.derby.impl.jdbc.Util.generateCsSQLException(Unknown Source)
	at org.apache.derby.impl.jdbc.Util.generateCsSQLException(Unknown Source)
	at org.apache.derby.impl.jdbc.EmbedConnection.newSQLException(Unknown Source)
	at org.apache.derby.impl.jdbc.EmbedConnection.handleDBNotFound(Unknown Source)
	at org.apache.derby.impl.jdbc.EmbedConnection.<init>(Unknown Source)
	at org.apache.derby.jdbc.InternalDriver$1.run(Unknown Source)
	at org.apache.derby.jdbc.InternalDriver$1.run(Unknown Source)
	at java.security.AccessController.doPrivileged(Native Method)
	at org.apache.derby.jdbc.InternalDriver.getNewEmbedConnection(Unknown Source)
	at org.apache.derby.jdbc.InternalDriver.connect(Unknown Source)
	at org.apache.derby.jdbc.InternalDriver.connect(Unknown Source)
	at org.apache.derby.jdbc.AutoloadedDriver.connect(Unknown Source)
	at java.sql.DriverManager.getConnection(DriverManager.java:664)
	at java.sql.DriverManager.getConnection(DriverManager.java:270)
	at org.eclipse.scout.rt.server.jdbc.internal.pool.SqlConnectionBuilder.createJdbcConnection(SqlConnectionBuilder.java:63)
	at org.eclipse.scout.rt.server.jdbc.internal.pool.SqlConnectionPool.leaseConnection(SqlConnectionPool.java:103)
	at org.eclipse.scout.rt.server.jdbc.AbstractSqlService.leaseConnectionInternal(AbstractSqlService.java:550)
	at org.eclipse.scout.rt.server.jdbc.AbstractSqlService.execCreateConnection(AbstractSqlService.java:321)
	at org.eclipse.scout.rt.server.jdbc.AbstractSqlService.leaseConnection(AbstractSqlService.java:542)
	at org.eclipse.scout.rt.server.jdbc.AbstractSqlService.getTransaction(AbstractSqlService.java:621)
	at org.eclipse.scout.rt.server.jdbc.AbstractSqlService.select(AbstractSqlService.java:649)
	at org.eclipse.scout.rt.server.jdbc.SQL.select(SQL.java:94)
	at org.zeroclick.meeting.server.sql.DatabaseHelper.isColumnExists(DatabaseHelper.java:140)
	at org.zeroclick.meeting.server.sql.DatabaseHelper.removeColumn(DatabaseHelper.java:155)
	at org.zeroclick.meeting.server.sql.migrate.data.PatchUserLanguage.undo(PatchUserLanguage.java:87)
	at org.zeroclick.meeting.server.sql.migrate.AbstractDataPatcher$2.run(AbstractDataPatcher.java:105)
	at org.eclipse.scout.rt.platform.util.concurrent.Callables$1.call(Callables.java:37)
	at org.eclipse.scout.rt.platform.util.concurrent.Callables$1.call(Callables.java:1)
	at org.eclipse.scout.rt.platform.chain.callable.CallableChain$Chain.continueChain(CallableChain.java:185)
	at org.eclipse.scout.rt.server.context.TransactionProcessor.runTxRequiresNew(TransactionProcessor.java:80)
	at org.eclipse.scout.rt.server.context.TransactionProcessor.intercept(TransactionProcessor.java:55)
	at org.eclipse.scout.rt.platform.chain.callable.CallableChain$Chain.continueChain(CallableChain.java:180)
	at org.eclipse.scout.rt.platform.security.SubjectProcessor$1.run(SubjectProcessor.java:47)
	at java.security.AccessController.doPrivileged(Native Method)
	at javax.security.auth.Subject.doAs(Subject.java:422)
	at org.eclipse.scout.rt.platform.security.SubjectProcessor.intercept(SubjectProcessor.java:43)
	at org.eclipse.scout.rt.platform.chain.callable.CallableChain$Chain.continueChain(CallableChain.java:180)
	at org.eclipse.scout.rt.platform.chain.callable.CallableChain.call(CallableChain.java:135)
	at org.eclipse.scout.rt.platform.context.RunContext.call(RunContext.java:121)
	at org.eclipse.scout.rt.platform.context.RunContext.call(RunContext.java:101)
	at org.eclipse.scout.rt.platform.context.RunContext.run(RunContext.java:72)
	at org.zeroclick.meeting.server.sql.migrate.AbstractDataPatcher.remove(AbstractDataPatcher.java:112)
	at org.zeroclick.meeting.server.sql.migrate.DatabaseMigrateService.undoMigration(DatabaseMigrateService.java:56)
	at org.zeroclick.meeting.server.sql.DatabaseSetupService.autoCreateDatabase(DatabaseSetupService.java:66)
	at sun.reflect.NativeMethodAccessorImpl.invoke0(Native Method)
	at sun.reflect.NativeMethodAccessorImpl.invoke(NativeMethodAccessorImpl.java:62)
	at sun.reflect.DelegatingMethodAccessorImpl.invoke(DelegatingMethodAccessorImpl.java:43)
	at java.lang.reflect.Method.invoke(Method.java:498)
	at org.eclipse.scout.rt.platform.internal.BeanInstanceUtil.initializeBeanInstance(BeanInstanceUtil.java:66)
	at org.eclipse.scout.rt.platform.internal.BeanInstanceUtil.createAndInitializeBean(BeanInstanceUtil.java:49)
	at org.eclipse.scout.rt.platform.internal.DefaultBeanInstanceProducer.createInstance(DefaultBeanInstanceProducer.java:101)
	at org.eclipse.scout.rt.platform.internal.DefaultBeanInstanceProducer.safeCreateInstance(DefaultBeanInstanceProducer.java:83)
	at org.eclipse.scout.rt.platform.internal.DefaultBeanInstanceProducer.access$0(DefaultBeanInstanceProducer.java:71)
	at org.eclipse.scout.rt.platform.internal.DefaultBeanInstanceProducer$1.call(DefaultBeanInstanceProducer.java:60)
	at org.eclipse.scout.rt.platform.util.FinalValue.setIfAbsent(FinalValue.java:90)
	at org.eclipse.scout.rt.platform.internal.DefaultBeanInstanceProducer.getApplicationScopedInstance(DefaultBeanInstanceProducer.java:57)
	at org.eclipse.scout.rt.platform.internal.DefaultBeanInstanceProducer.produce(DefaultBeanInstanceProducer.java:34)
	at org.eclipse.scout.rt.platform.internal.BeanImplementor.getInstance(BeanImplementor.java:72)
	at org.eclipse.scout.rt.platform.internal.BeanManagerImplementor.startCreateImmediatelyBeans(BeanManagerImplementor.java:245)
	at org.eclipse.scout.rt.platform.internal.PlatformImplementor.startCreateImmediatelyBeans(PlatformImplementor.java:265)
	at org.eclipse.scout.rt.platform.internal.PlatformImplementor.start(PlatformImplementor.java:145)
	at org.eclipse.scout.rt.platform.internal.PlatformStarter.run(PlatformStarter.java:32)
============= end nested exception, level (1) ===========
Cleanup action completed
Sun Sep 17 20:09:08 CEST 2017 Thread[Thread-1,5,main] Cleanup action starting
java.sql.SQLException: Database 'memory:zeroclick-database' not found.
	at org.apache.derby.impl.jdbc.SQLExceptionFactory.getSQLException(Unknown Source)
	at org.apache.derby.impl.jdbc.SQLExceptionFactory.getSQLException(Unknown Source)
	at org.apache.derby.impl.jdbc.Util.generateCsSQLException(Unknown Source)
	at org.apache.derby.impl.jdbc.Util.generateCsSQLException(Unknown Source)
	at org.apache.derby.impl.jdbc.EmbedConnection.newSQLException(Unknown Source)
	at org.apache.derby.impl.jdbc.EmbedConnection.handleDBNotFound(Unknown Source)
	at org.apache.derby.impl.jdbc.EmbedConnection.<init>(Unknown Source)
	at org.apache.derby.jdbc.InternalDriver$1.run(Unknown Source)
	at org.apache.derby.jdbc.InternalDriver$1.run(Unknown Source)
	at java.security.AccessController.doPrivileged(Native Method)
	at org.apache.derby.jdbc.InternalDriver.getNewEmbedConnection(Unknown Source)
	at org.apache.derby.jdbc.InternalDriver.connect(Unknown Source)
	at org.apache.derby.jdbc.InternalDriver.connect(Unknown Source)
	at org.apache.derby.jdbc.AutoloadedDriver.connect(Unknown Source)
	at java.sql.DriverManager.getConnection(DriverManager.java:664)
	at java.sql.DriverManager.getConnection(DriverManager.java:270)
	at org.eclipse.scout.rt.server.jdbc.internal.pool.SqlConnectionBuilder.createJdbcConnection(SqlConnectionBuilder.java:63)
	at org.eclipse.scout.rt.server.jdbc.internal.pool.SqlConnectionPool.leaseConnection(SqlConnectionPool.java:103)
	at org.eclipse.scout.rt.server.jdbc.AbstractSqlService.leaseConnectionInternal(AbstractSqlService.java:550)
	at org.eclipse.scout.rt.server.jdbc.AbstractSqlService.execCreateConnection(AbstractSqlService.java:321)
	at org.eclipse.scout.rt.server.jdbc.AbstractSqlService.leaseConnection(AbstractSqlService.java:542)
	at org.eclipse.scout.rt.server.jdbc.AbstractSqlService.getTransaction(AbstractSqlService.java:621)
	at org.eclipse.scout.rt.server.jdbc.AbstractSqlService.select(AbstractSqlService.java:649)
	at org.eclipse.scout.rt.server.jdbc.SQL.select(SQL.java:94)
	at org.zeroclick.meeting.server.sql.DatabaseHelper.isColumnExists(DatabaseHelper.java:140)
	at org.zeroclick.meeting.server.sql.DatabaseHelper.removeColumn(DatabaseHelper.java:155)
	at org.zeroclick.meeting.server.sql.migrate.data.PatchCreateVenue.undo(PatchCreateVenue.java:95)
	at org.zeroclick.meeting.server.sql.migrate.AbstractDataPatcher$2.run(AbstractDataPatcher.java:105)
	at org.eclipse.scout.rt.platform.util.concurrent.Callables$1.call(Callables.java:37)
	at org.eclipse.scout.rt.platform.util.concurrent.Callables$1.call(Callables.java:1)
	at org.eclipse.scout.rt.platform.chain.callable.CallableChain$Chain.continueChain(CallableChain.java:185)
	at org.eclipse.scout.rt.server.context.TransactionProcessor.runTxRequiresNew(TransactionProcessor.java:80)
	at org.eclipse.scout.rt.server.context.TransactionProcessor.intercept(TransactionProcessor.java:55)
	at org.eclipse.scout.rt.platform.chain.callable.CallableChain$Chain.continueChain(CallableChain.java:180)
	at org.eclipse.scout.rt.platform.security.SubjectProcessor$1.run(SubjectProcessor.java:47)
	at java.security.AccessController.doPrivileged(Native Method)
	at javax.security.auth.Subject.doAs(Subject.java:422)
	at org.eclipse.scout.rt.platform.security.SubjectProcessor.intercept(SubjectProcessor.java:43)
	at org.eclipse.scout.rt.platform.chain.callable.CallableChain$Chain.continueChain(CallableChain.java:180)
	at org.eclipse.scout.rt.platform.chain.callable.CallableChain.call(CallableChain.java:135)
	at org.eclipse.scout.rt.platform.context.RunContext.call(RunContext.java:121)
	at org.eclipse.scout.rt.platform.context.RunContext.call(RunContext.java:101)
	at org.eclipse.scout.rt.platform.context.RunContext.run(RunContext.java:72)
	at org.zeroclick.meeting.server.sql.migrate.AbstractDataPatcher.remove(AbstractDataPatcher.java:112)
	at org.zeroclick.meeting.server.sql.migrate.DatabaseMigrateService.undoMigration(DatabaseMigrateService.java:56)
	at org.zeroclick.meeting.server.sql.DatabaseSetupService.autoCreateDatabase(DatabaseSetupService.java:66)
	at sun.reflect.NativeMethodAccessorImpl.invoke0(Native Method)
	at sun.reflect.NativeMethodAccessorImpl.invoke(NativeMethodAccessorImpl.java:62)
	at sun.reflect.DelegatingMethodAccessorImpl.invoke(DelegatingMethodAccessorImpl.java:43)
	at java.lang.reflect.Method.invoke(Method.java:498)
	at org.eclipse.scout.rt.platform.internal.BeanInstanceUtil.initializeBeanInstance(BeanInstanceUtil.java:66)
	at org.eclipse.scout.rt.platform.internal.BeanInstanceUtil.createAndInitializeBean(BeanInstanceUtil.java:49)
	at org.eclipse.scout.rt.platform.internal.DefaultBeanInstanceProducer.createInstance(DefaultBeanInstanceProducer.java:101)
	at org.eclipse.scout.rt.platform.internal.DefaultBeanInstanceProducer.safeCreateInstance(DefaultBeanInstanceProducer.java:83)
	at org.eclipse.scout.rt.platform.internal.DefaultBeanInstanceProducer.access$0(DefaultBeanInstanceProducer.java:71)
	at org.eclipse.scout.rt.platform.internal.DefaultBeanInstanceProducer$1.call(DefaultBeanInstanceProducer.java:60)
	at org.eclipse.scout.rt.platform.util.FinalValue.setIfAbsent(FinalValue.java:90)
	at org.eclipse.scout.rt.platform.internal.DefaultBeanInstanceProducer.getApplicationScopedInstance(DefaultBeanInstanceProducer.java:57)
	at org.eclipse.scout.rt.platform.internal.DefaultBeanInstanceProducer.produce(DefaultBeanInstanceProducer.java:34)
	at org.eclipse.scout.rt.platform.internal.BeanImplementor.getInstance(BeanImplementor.java:72)
	at org.eclipse.scout.rt.platform.internal.BeanManagerImplementor.startCreateImmediatelyBeans(BeanManagerImplementor.java:245)
	at org.eclipse.scout.rt.platform.internal.PlatformImplementor.startCreateImmediatelyBeans(PlatformImplementor.java:265)
	at org.eclipse.scout.rt.platform.internal.PlatformImplementor.start(PlatformImplementor.java:145)
	at org.eclipse.scout.rt.platform.internal.PlatformStarter.run(PlatformStarter.java:32)
Caused by: ERROR XJ004: Database 'memory:zeroclick-database' not found.
	at org.apache.derby.iapi.error.StandardException.newException(Unknown Source)
	at org.apache.derby.impl.jdbc.SQLExceptionFactory.wrapArgsForTransportAcrossDRDA(Unknown Source)
	... 64 more
============= begin nested exception, level (1) ===========
ERROR XJ004: Database 'memory:zeroclick-database' not found.
	at org.apache.derby.iapi.error.StandardException.newException(Unknown Source)
	at org.apache.derby.impl.jdbc.SQLExceptionFactory.wrapArgsForTransportAcrossDRDA(Unknown Source)
	at org.apache.derby.impl.jdbc.SQLExceptionFactory.getSQLException(Unknown Source)
	at org.apache.derby.impl.jdbc.SQLExceptionFactory.getSQLException(Unknown Source)
	at org.apache.derby.impl.jdbc.Util.generateCsSQLException(Unknown Source)
	at org.apache.derby.impl.jdbc.Util.generateCsSQLException(Unknown Source)
	at org.apache.derby.impl.jdbc.EmbedConnection.newSQLException(Unknown Source)
	at org.apache.derby.impl.jdbc.EmbedConnection.handleDBNotFound(Unknown Source)
	at org.apache.derby.impl.jdbc.EmbedConnection.<init>(Unknown Source)
	at org.apache.derby.jdbc.InternalDriver$1.run(Unknown Source)
	at org.apache.derby.jdbc.InternalDriver$1.run(Unknown Source)
	at java.security.AccessController.doPrivileged(Native Method)
	at org.apache.derby.jdbc.InternalDriver.getNewEmbedConnection(Unknown Source)
	at org.apache.derby.jdbc.InternalDriver.connect(Unknown Source)
	at org.apache.derby.jdbc.InternalDriver.connect(Unknown Source)
	at org.apache.derby.jdbc.AutoloadedDriver.connect(Unknown Source)
	at java.sql.DriverManager.getConnection(DriverManager.java:664)
	at java.sql.DriverManager.getConnection(DriverManager.java:270)
	at org.eclipse.scout.rt.server.jdbc.internal.pool.SqlConnectionBuilder.createJdbcConnection(SqlConnectionBuilder.java:63)
	at org.eclipse.scout.rt.server.jdbc.internal.pool.SqlConnectionPool.leaseConnection(SqlConnectionPool.java:103)
	at org.eclipse.scout.rt.server.jdbc.AbstractSqlService.leaseConnectionInternal(AbstractSqlService.java:550)
	at org.eclipse.scout.rt.server.jdbc.AbstractSqlService.execCreateConnection(AbstractSqlService.java:321)
	at org.eclipse.scout.rt.server.jdbc.AbstractSqlService.leaseConnection(AbstractSqlService.java:542)
	at org.eclipse.scout.rt.server.jdbc.AbstractSqlService.getTransaction(AbstractSqlService.java:621)
	at org.eclipse.scout.rt.server.jdbc.AbstractSqlService.select(AbstractSqlService.java:649)
	at org.eclipse.scout.rt.server.jdbc.SQL.select(SQL.java:94)
	at org.zeroclick.meeting.server.sql.DatabaseHelper.isColumnExists(DatabaseHelper.java:140)
	at org.zeroclick.meeting.server.sql.DatabaseHelper.removeColumn(DatabaseHelper.java:155)
	at org.zeroclick.meeting.server.sql.migrate.data.PatchCreateVenue.undo(PatchCreateVenue.java:95)
	at org.zeroclick.meeting.server.sql.migrate.AbstractDataPatcher$2.run(AbstractDataPatcher.java:105)
	at org.eclipse.scout.rt.platform.util.concurrent.Callables$1.call(Callables.java:37)
	at org.eclipse.scout.rt.platform.util.concurrent.Callables$1.call(Callables.java:1)
	at org.eclipse.scout.rt.platform.chain.callable.CallableChain$Chain.continueChain(CallableChain.java:185)
	at org.eclipse.scout.rt.server.context.TransactionProcessor.runTxRequiresNew(TransactionProcessor.java:80)
	at org.eclipse.scout.rt.server.context.TransactionProcessor.intercept(TransactionProcessor.java:55)
	at org.eclipse.scout.rt.platform.chain.callable.CallableChain$Chain.continueChain(CallableChain.java:180)
	at org.eclipse.scout.rt.platform.security.SubjectProcessor$1.run(SubjectProcessor.java:47)
	at java.security.AccessController.doPrivileged(Native Method)
	at javax.security.auth.Subject.doAs(Subject.java:422)
	at org.eclipse.scout.rt.platform.security.SubjectProcessor.intercept(SubjectProcessor.java:43)
	at org.eclipse.scout.rt.platform.chain.callable.CallableChain$Chain.continueChain(CallableChain.java:180)
	at org.eclipse.scout.rt.platform.chain.callable.CallableChain.call(CallableChain.java:135)
	at org.eclipse.scout.rt.platform.context.RunContext.call(RunContext.java:121)
	at org.eclipse.scout.rt.platform.context.RunContext.call(RunContext.java:101)
	at org.eclipse.scout.rt.platform.context.RunContext.run(RunContext.java:72)
	at org.zeroclick.meeting.server.sql.migrate.AbstractDataPatcher.remove(AbstractDataPatcher.java:112)
	at org.zeroclick.meeting.server.sql.migrate.DatabaseMigrateService.undoMigration(DatabaseMigrateService.java:56)
	at org.zeroclick.meeting.server.sql.DatabaseSetupService.autoCreateDatabase(DatabaseSetupService.java:66)
	at sun.reflect.NativeMethodAccessorImpl.invoke0(Native Method)
	at sun.reflect.NativeMethodAccessorImpl.invoke(NativeMethodAccessorImpl.java:62)
	at sun.reflect.DelegatingMethodAccessorImpl.invoke(DelegatingMethodAccessorImpl.java:43)
	at java.lang.reflect.Method.invoke(Method.java:498)
	at org.eclipse.scout.rt.platform.internal.BeanInstanceUtil.initializeBeanInstance(BeanInstanceUtil.java:66)
	at org.eclipse.scout.rt.platform.internal.BeanInstanceUtil.createAndInitializeBean(BeanInstanceUtil.java:49)
	at org.eclipse.scout.rt.platform.internal.DefaultBeanInstanceProducer.createInstance(DefaultBeanInstanceProducer.java:101)
	at org.eclipse.scout.rt.platform.internal.DefaultBeanInstanceProducer.safeCreateInstance(DefaultBeanInstanceProducer.java:83)
	at org.eclipse.scout.rt.platform.internal.DefaultBeanInstanceProducer.access$0(DefaultBeanInstanceProducer.java:71)
	at org.eclipse.scout.rt.platform.internal.DefaultBeanInstanceProducer$1.call(DefaultBeanInstanceProducer.java:60)
	at org.eclipse.scout.rt.platform.util.FinalValue.setIfAbsent(FinalValue.java:90)
	at org.eclipse.scout.rt.platform.internal.DefaultBeanInstanceProducer.getApplicationScopedInstance(DefaultBeanInstanceProducer.java:57)
	at org.eclipse.scout.rt.platform.internal.DefaultBeanInstanceProducer.produce(DefaultBeanInstanceProducer.java:34)
	at org.eclipse.scout.rt.platform.internal.BeanImplementor.getInstance(BeanImplementor.java:72)
	at org.eclipse.scout.rt.platform.internal.BeanManagerImplementor.startCreateImmediatelyBeans(BeanManagerImplementor.java:245)
	at org.eclipse.scout.rt.platform.internal.PlatformImplementor.startCreateImmediatelyBeans(PlatformImplementor.java:265)
	at org.eclipse.scout.rt.platform.internal.PlatformImplementor.start(PlatformImplementor.java:145)
	at org.eclipse.scout.rt.platform.internal.PlatformStarter.run(PlatformStarter.java:32)
============= end nested exception, level (1) ===========
Cleanup action completed
Sun Sep 17 20:09:08 CEST 2017 Thread[Thread-1,5,main] Cleanup action starting
java.sql.SQLException: Database 'memory:zeroclick-database' not found.
	at org.apache.derby.impl.jdbc.SQLExceptionFactory.getSQLException(Unknown Source)
	at org.apache.derby.impl.jdbc.SQLExceptionFactory.getSQLException(Unknown Source)
	at org.apache.derby.impl.jdbc.Util.generateCsSQLException(Unknown Source)
	at org.apache.derby.impl.jdbc.Util.generateCsSQLException(Unknown Source)
	at org.apache.derby.impl.jdbc.EmbedConnection.newSQLException(Unknown Source)
	at org.apache.derby.impl.jdbc.EmbedConnection.handleDBNotFound(Unknown Source)
	at org.apache.derby.impl.jdbc.EmbedConnection.<init>(Unknown Source)
	at org.apache.derby.jdbc.InternalDriver$1.run(Unknown Source)
	at org.apache.derby.jdbc.InternalDriver$1.run(Unknown Source)
	at java.security.AccessController.doPrivileged(Native Method)
	at org.apache.derby.jdbc.InternalDriver.getNewEmbedConnection(Unknown Source)
	at org.apache.derby.jdbc.InternalDriver.connect(Unknown Source)
	at org.apache.derby.jdbc.InternalDriver.connect(Unknown Source)
	at org.apache.derby.jdbc.AutoloadedDriver.connect(Unknown Source)
	at java.sql.DriverManager.getConnection(DriverManager.java:664)
	at java.sql.DriverManager.getConnection(DriverManager.java:270)
	at org.eclipse.scout.rt.server.jdbc.internal.pool.SqlConnectionBuilder.createJdbcConnection(SqlConnectionBuilder.java:63)
	at org.eclipse.scout.rt.server.jdbc.internal.pool.SqlConnectionPool.leaseConnection(SqlConnectionPool.java:103)
	at org.eclipse.scout.rt.server.jdbc.AbstractSqlService.leaseConnectionInternal(AbstractSqlService.java:550)
	at org.eclipse.scout.rt.server.jdbc.AbstractSqlService.execCreateConnection(AbstractSqlService.java:321)
	at org.eclipse.scout.rt.server.jdbc.AbstractSqlService.leaseConnection(AbstractSqlService.java:542)
	at org.eclipse.scout.rt.server.jdbc.AbstractSqlService.getTransaction(AbstractSqlService.java:621)
	at org.eclipse.scout.rt.server.jdbc.AbstractSqlService.select(AbstractSqlService.java:649)
	at org.eclipse.scout.rt.server.jdbc.SQL.select(SQL.java:94)
	at org.zeroclick.meeting.server.sql.DatabaseHelper.isSequenceExists(DatabaseHelper.java:86)
	at org.zeroclick.meeting.server.sql.DatabaseHelper.dropSequence(DatabaseHelper.java:76)
	at org.zeroclick.meeting.server.sql.migrate.data.PatchSlotTable.undo(PatchSlotTable.java:159)
	at org.zeroclick.meeting.server.sql.migrate.AbstractDataPatcher$2.run(AbstractDataPatcher.java:105)
	at org.eclipse.scout.rt.platform.util.concurrent.Callables$1.call(Callables.java:37)
	at org.eclipse.scout.rt.platform.util.concurrent.Callables$1.call(Callables.java:1)
	at org.eclipse.scout.rt.platform.chain.callable.CallableChain$Chain.continueChain(CallableChain.java:185)
	at org.eclipse.scout.rt.server.context.TransactionProcessor.runTxRequiresNew(TransactionProcessor.java:80)
	at org.eclipse.scout.rt.server.context.TransactionProcessor.intercept(TransactionProcessor.java:55)
	at org.eclipse.scout.rt.platform.chain.callable.CallableChain$Chain.continueChain(CallableChain.java:180)
	at org.eclipse.scout.rt.platform.security.SubjectProcessor$1.run(SubjectProcessor.java:47)
	at java.security.AccessController.doPrivileged(Native Method)
	at javax.security.auth.Subject.doAs(Subject.java:422)
	at org.eclipse.scout.rt.platform.security.SubjectProcessor.intercept(SubjectProcessor.java:43)
	at org.eclipse.scout.rt.platform.chain.callable.CallableChain$Chain.continueChain(CallableChain.java:180)
	at org.eclipse.scout.rt.platform.chain.callable.CallableChain.call(CallableChain.java:135)
	at org.eclipse.scout.rt.platform.context.RunContext.call(RunContext.java:121)
	at org.eclipse.scout.rt.platform.context.RunContext.call(RunContext.java:101)
	at org.eclipse.scout.rt.platform.context.RunContext.run(RunContext.java:72)
	at org.zeroclick.meeting.server.sql.migrate.AbstractDataPatcher.remove(AbstractDataPatcher.java:112)
	at org.zeroclick.meeting.server.sql.migrate.DatabaseMigrateService.undoMigration(DatabaseMigrateService.java:56)
	at org.zeroclick.meeting.server.sql.DatabaseSetupService.autoCreateDatabase(DatabaseSetupService.java:66)
	at sun.reflect.NativeMethodAccessorImpl.invoke0(Native Method)
	at sun.reflect.NativeMethodAccessorImpl.invoke(NativeMethodAccessorImpl.java:62)
	at sun.reflect.DelegatingMethodAccessorImpl.invoke(DelegatingMethodAccessorImpl.java:43)
	at java.lang.reflect.Method.invoke(Method.java:498)
	at org.eclipse.scout.rt.platform.internal.BeanInstanceUtil.initializeBeanInstance(BeanInstanceUtil.java:66)
	at org.eclipse.scout.rt.platform.internal.BeanInstanceUtil.createAndInitializeBean(BeanInstanceUtil.java:49)
	at org.eclipse.scout.rt.platform.internal.DefaultBeanInstanceProducer.createInstance(DefaultBeanInstanceProducer.java:101)
	at org.eclipse.scout.rt.platform.internal.DefaultBeanInstanceProducer.safeCreateInstance(DefaultBeanInstanceProducer.java:83)
	at org.eclipse.scout.rt.platform.internal.DefaultBeanInstanceProducer.access$0(DefaultBeanInstanceProducer.java:71)
	at org.eclipse.scout.rt.platform.internal.DefaultBeanInstanceProducer$1.call(DefaultBeanInstanceProducer.java:60)
	at org.eclipse.scout.rt.platform.util.FinalValue.setIfAbsent(FinalValue.java:90)
	at org.eclipse.scout.rt.platform.internal.DefaultBeanInstanceProducer.getApplicationScopedInstance(DefaultBeanInstanceProducer.java:57)
	at org.eclipse.scout.rt.platform.internal.DefaultBeanInstanceProducer.produce(DefaultBeanInstanceProducer.java:34)
	at org.eclipse.scout.rt.platform.internal.BeanImplementor.getInstance(BeanImplementor.java:72)
	at org.eclipse.scout.rt.platform.internal.BeanManagerImplementor.startCreateImmediatelyBeans(BeanManagerImplementor.java:245)
	at org.eclipse.scout.rt.platform.internal.PlatformImplementor.startCreateImmediatelyBeans(PlatformImplementor.java:265)
	at org.eclipse.scout.rt.platform.internal.PlatformImplementor.start(PlatformImplementor.java:145)
	at org.eclipse.scout.rt.platform.internal.PlatformStarter.run(PlatformStarter.java:32)
Caused by: ERROR XJ004: Database 'memory:zeroclick-database' not found.
	at org.apache.derby.iapi.error.StandardException.newException(Unknown Source)
	at org.apache.derby.impl.jdbc.SQLExceptionFactory.wrapArgsForTransportAcrossDRDA(Unknown Source)
	... 64 more
============= begin nested exception, level (1) ===========
ERROR XJ004: Database 'memory:zeroclick-database' not found.
	at org.apache.derby.iapi.error.StandardException.newException(Unknown Source)
	at org.apache.derby.impl.jdbc.SQLExceptionFactory.wrapArgsForTransportAcrossDRDA(Unknown Source)
	at org.apache.derby.impl.jdbc.SQLExceptionFactory.getSQLException(Unknown Source)
	at org.apache.derby.impl.jdbc.SQLExceptionFactory.getSQLException(Unknown Source)
	at org.apache.derby.impl.jdbc.Util.generateCsSQLException(Unknown Source)
	at org.apache.derby.impl.jdbc.Util.generateCsSQLException(Unknown Source)
	at org.apache.derby.impl.jdbc.EmbedConnection.newSQLException(Unknown Source)
	at org.apache.derby.impl.jdbc.EmbedConnection.handleDBNotFound(Unknown Source)
	at org.apache.derby.impl.jdbc.EmbedConnection.<init>(Unknown Source)
	at org.apache.derby.jdbc.InternalDriver$1.run(Unknown Source)
	at org.apache.derby.jdbc.InternalDriver$1.run(Unknown Source)
	at java.security.AccessController.doPrivileged(Native Method)
	at org.apache.derby.jdbc.InternalDriver.getNewEmbedConnection(Unknown Source)
	at org.apache.derby.jdbc.InternalDriver.connect(Unknown Source)
	at org.apache.derby.jdbc.InternalDriver.connect(Unknown Source)
	at org.apache.derby.jdbc.AutoloadedDriver.connect(Unknown Source)
	at java.sql.DriverManager.getConnection(DriverManager.java:664)
	at java.sql.DriverManager.getConnection(DriverManager.java:270)
	at org.eclipse.scout.rt.server.jdbc.internal.pool.SqlConnectionBuilder.createJdbcConnection(SqlConnectionBuilder.java:63)
	at org.eclipse.scout.rt.server.jdbc.internal.pool.SqlConnectionPool.leaseConnection(SqlConnectionPool.java:103)
	at org.eclipse.scout.rt.server.jdbc.AbstractSqlService.leaseConnectionInternal(AbstractSqlService.java:550)
	at org.eclipse.scout.rt.server.jdbc.AbstractSqlService.execCreateConnection(AbstractSqlService.java:321)
	at org.eclipse.scout.rt.server.jdbc.AbstractSqlService.leaseConnection(AbstractSqlService.java:542)
	at org.eclipse.scout.rt.server.jdbc.AbstractSqlService.getTransaction(AbstractSqlService.java:621)
	at org.eclipse.scout.rt.server.jdbc.AbstractSqlService.select(AbstractSqlService.java:649)
	at org.eclipse.scout.rt.server.jdbc.SQL.select(SQL.java:94)
	at org.zeroclick.meeting.server.sql.DatabaseHelper.isSequenceExists(DatabaseHelper.java:86)
	at org.zeroclick.meeting.server.sql.DatabaseHelper.dropSequence(DatabaseHelper.java:76)
	at org.zeroclick.meeting.server.sql.migrate.data.PatchSlotTable.undo(PatchSlotTable.java:159)
	at org.zeroclick.meeting.server.sql.migrate.AbstractDataPatcher$2.run(AbstractDataPatcher.java:105)
	at org.eclipse.scout.rt.platform.util.concurrent.Callables$1.call(Callables.java:37)
	at org.eclipse.scout.rt.platform.util.concurrent.Callables$1.call(Callables.java:1)
	at org.eclipse.scout.rt.platform.chain.callable.CallableChain$Chain.continueChain(CallableChain.java:185)
	at org.eclipse.scout.rt.server.context.TransactionProcessor.runTxRequiresNew(TransactionProcessor.java:80)
	at org.eclipse.scout.rt.server.context.TransactionProcessor.intercept(TransactionProcessor.java:55)
	at org.eclipse.scout.rt.platform.chain.callable.CallableChain$Chain.continueChain(CallableChain.java:180)
	at org.eclipse.scout.rt.platform.security.SubjectProcessor$1.run(SubjectProcessor.java:47)
	at java.security.AccessController.doPrivileged(Native Method)
	at javax.security.auth.Subject.doAs(Subject.java:422)
	at org.eclipse.scout.rt.platform.security.SubjectProcessor.intercept(SubjectProcessor.java:43)
	at org.eclipse.scout.rt.platform.chain.callable.CallableChain$Chain.continueChain(CallableChain.java:180)
	at org.eclipse.scout.rt.platform.chain.callable.CallableChain.call(CallableChain.java:135)
	at org.eclipse.scout.rt.platform.context.RunContext.call(RunContext.java:121)
	at org.eclipse.scout.rt.platform.context.RunContext.call(RunContext.java:101)
	at org.eclipse.scout.rt.platform.context.RunContext.run(RunContext.java:72)
	at org.zeroclick.meeting.server.sql.migrate.AbstractDataPatcher.remove(AbstractDataPatcher.java:112)
	at org.zeroclick.meeting.server.sql.migrate.DatabaseMigrateService.undoMigration(DatabaseMigrateService.java:56)
	at org.zeroclick.meeting.server.sql.DatabaseSetupService.autoCreateDatabase(DatabaseSetupService.java:66)
	at sun.reflect.NativeMethodAccessorImpl.invoke0(Native Method)
	at sun.reflect.NativeMethodAccessorImpl.invoke(NativeMethodAccessorImpl.java:62)
	at sun.reflect.DelegatingMethodAccessorImpl.invoke(DelegatingMethodAccessorImpl.java:43)
	at java.lang.reflect.Method.invoke(Method.java:498)
	at org.eclipse.scout.rt.platform.internal.BeanInstanceUtil.initializeBeanInstance(BeanInstanceUtil.java:66)
	at org.eclipse.scout.rt.platform.internal.BeanInstanceUtil.createAndInitializeBean(BeanInstanceUtil.java:49)
	at org.eclipse.scout.rt.platform.internal.DefaultBeanInstanceProducer.createInstance(DefaultBeanInstanceProducer.java:101)
	at org.eclipse.scout.rt.platform.internal.DefaultBeanInstanceProducer.safeCreateInstance(DefaultBeanInstanceProducer.java:83)
	at org.eclipse.scout.rt.platform.internal.DefaultBeanInstanceProducer.access$0(DefaultBeanInstanceProducer.java:71)
	at org.eclipse.scout.rt.platform.internal.DefaultBeanInstanceProducer$1.call(DefaultBeanInstanceProducer.java:60)
	at org.eclipse.scout.rt.platform.util.FinalValue.setIfAbsent(FinalValue.java:90)
	at org.eclipse.scout.rt.platform.internal.DefaultBeanInstanceProducer.getApplicationScopedInstance(DefaultBeanInstanceProducer.java:57)
	at org.eclipse.scout.rt.platform.internal.DefaultBeanInstanceProducer.produce(DefaultBeanInstanceProducer.java:34)
	at org.eclipse.scout.rt.platform.internal.BeanImplementor.getInstance(BeanImplementor.java:72)
	at org.eclipse.scout.rt.platform.internal.BeanManagerImplementor.startCreateImmediatelyBeans(BeanManagerImplementor.java:245)
	at org.eclipse.scout.rt.platform.internal.PlatformImplementor.startCreateImmediatelyBeans(PlatformImplementor.java:265)
	at org.eclipse.scout.rt.platform.internal.PlatformImplementor.start(PlatformImplementor.java:145)
	at org.eclipse.scout.rt.platform.internal.PlatformStarter.run(PlatformStarter.java:32)
============= end nested exception, level (1) ===========
Cleanup action completed
Sun Sep 17 20:09:08 CEST 2017 Thread[scout-thread-25,5,main] Cleanup action starting
java.sql.SQLException: Database 'memory:zeroclick-database' not found.
	at org.apache.derby.impl.jdbc.SQLExceptionFactory.getSQLException(Unknown Source)
	at org.apache.derby.impl.jdbc.SQLExceptionFactory.getSQLException(Unknown Source)
	at org.apache.derby.impl.jdbc.Util.generateCsSQLException(Unknown Source)
	at org.apache.derby.impl.jdbc.Util.generateCsSQLException(Unknown Source)
	at org.apache.derby.impl.jdbc.EmbedConnection.newSQLException(Unknown Source)
	at org.apache.derby.impl.jdbc.EmbedConnection.handleDBNotFound(Unknown Source)
	at org.apache.derby.impl.jdbc.EmbedConnection.<init>(Unknown Source)
	at org.apache.derby.jdbc.InternalDriver$1.run(Unknown Source)
	at org.apache.derby.jdbc.InternalDriver$1.run(Unknown Source)
	at java.security.AccessController.doPrivileged(Native Method)
	at org.apache.derby.jdbc.InternalDriver.getNewEmbedConnection(Unknown Source)
	at org.apache.derby.jdbc.InternalDriver.connect(Unknown Source)
	at org.apache.derby.jdbc.InternalDriver.connect(Unknown Source)
	at org.apache.derby.jdbc.AutoloadedDriver.connect(Unknown Source)
	at java.sql.DriverManager.getConnection(DriverManager.java:664)
	at java.sql.DriverManager.getConnection(DriverManager.java:270)
	at org.eclipse.scout.rt.server.jdbc.internal.pool.SqlConnectionBuilder.createJdbcConnection(SqlConnectionBuilder.java:63)
	at org.eclipse.scout.rt.server.jdbc.internal.pool.SqlConnectionPool.leaseConnection(SqlConnectionPool.java:103)
	at org.eclipse.scout.rt.server.jdbc.AbstractSqlService.leaseConnectionInternal(AbstractSqlService.java:550)
	at org.eclipse.scout.rt.server.jdbc.AbstractSqlService.execCreateConnection(AbstractSqlService.java:321)
	at org.eclipse.scout.rt.server.jdbc.AbstractSqlService.leaseConnection(AbstractSqlService.java:542)
	at org.eclipse.scout.rt.server.jdbc.AbstractSqlService.getTransaction(AbstractSqlService.java:621)
	at org.eclipse.scout.rt.server.jdbc.AbstractSqlService.selectInto(AbstractSqlService.java:659)
	at org.eclipse.scout.rt.server.jdbc.SQL.selectInto(SQL.java:110)
	at org.zeroclick.meeting.server.sql.DatabaseHelper.retrieveExistingTables(DatabaseHelper.java:107)
	at org.zeroclick.meeting.server.sql.DatabaseHelper.getExistingTables(DatabaseHelper.java:177)
	at org.zeroclick.meeting.server.sql.DatabaseHelper.dropTable(DatabaseHelper.java:54)
	at org.zeroclick.meeting.server.sql.DatabaseHelper.dropTable(DatabaseHelper.java:50)
	at org.zeroclick.meeting.server.sql.DatabaseSetupService.dropDataStore(DatabaseSetupService.java:247)
	at org.zeroclick.meeting.server.sql.DatabaseSetupService$1.run(DatabaseSetupService.java:48)
	at org.eclipse.scout.rt.platform.util.concurrent.Callables$1.call(Callables.java:37)
	at org.eclipse.scout.rt.platform.util.concurrent.Callables$1.call(Callables.java:1)
	at org.eclipse.scout.rt.platform.chain.callable.CallableChain$Chain.continueChain(CallableChain.java:185)
	at org.eclipse.scout.rt.platform.job.internal.ExceptionProcessor.intercept(ExceptionProcessor.java:41)
	at org.eclipse.scout.rt.platform.chain.callable.CallableChain$Chain.continueChain(CallableChain.java:180)
	at org.eclipse.scout.rt.platform.context.RunContextRunner$1.call(RunContextRunner.java:42)
	at org.eclipse.scout.rt.platform.chain.callable.CallableChain$Chain.continueChain(CallableChain.java:185)
	at org.eclipse.scout.rt.server.context.TransactionProcessor.runTxRequiresNew(TransactionProcessor.java:80)
	at org.eclipse.scout.rt.server.context.TransactionProcessor.intercept(TransactionProcessor.java:55)
	at org.eclipse.scout.rt.platform.chain.callable.CallableChain$Chain.continueChain(CallableChain.java:180)
	at org.eclipse.scout.rt.platform.security.SubjectProcessor$1.run(SubjectProcessor.java:47)
	at java.security.AccessController.doPrivileged(Native Method)
	at javax.security.auth.Subject.doAs(Subject.java:422)
	at org.eclipse.scout.rt.platform.security.SubjectProcessor.intercept(SubjectProcessor.java:43)
	at org.eclipse.scout.rt.platform.chain.callable.CallableChain$Chain.continueChain(CallableChain.java:180)
	at org.eclipse.scout.rt.platform.chain.callable.CallableChain.call(CallableChain.java:135)
	at org.eclipse.scout.rt.platform.context.RunContext.call(RunContext.java:121)
	at org.eclipse.scout.rt.platform.context.RunContextRunner.intercept(RunContextRunner.java:38)
	at org.eclipse.scout.rt.platform.chain.callable.CallableChain$Chain.continueChain(CallableChain.java:180)
	at org.eclipse.scout.rt.platform.chain.callable.CallableChain.call(CallableChain.java:135)
	at org.eclipse.scout.rt.platform.job.internal.JobFutureTask$1.call(JobFutureTask.java:100)
	at java.util.concurrent.FutureTask.run(FutureTask.java:266)
	at org.eclipse.scout.rt.platform.job.internal.JobFutureTask.run(JobFutureTask.java:160)
	at java.util.concurrent.ThreadPoolExecutor.runWorker(ThreadPoolExecutor.java:1142)
	at java.util.concurrent.ThreadPoolExecutor$Worker.run(ThreadPoolExecutor.java:617)
	at java.lang.Thread.run(Thread.java:745)
	at org.eclipse.scout.rt.platform.job.internal.NamedThreadFactory$1.run(NamedThreadFactory.java:54)
Caused by: ERROR XJ004: Database 'memory:zeroclick-database' not found.
	at org.apache.derby.iapi.error.StandardException.newException(Unknown Source)
	at org.apache.derby.impl.jdbc.SQLExceptionFactory.wrapArgsForTransportAcrossDRDA(Unknown Source)
	... 57 more
============= begin nested exception, level (1) ===========
ERROR XJ004: Database 'memory:zeroclick-database' not found.
	at org.apache.derby.iapi.error.StandardException.newException(Unknown Source)
	at org.apache.derby.impl.jdbc.SQLExceptionFactory.wrapArgsForTransportAcrossDRDA(Unknown Source)
	at org.apache.derby.impl.jdbc.SQLExceptionFactory.getSQLException(Unknown Source)
	at org.apache.derby.impl.jdbc.SQLExceptionFactory.getSQLException(Unknown Source)
	at org.apache.derby.impl.jdbc.Util.generateCsSQLException(Unknown Source)
	at org.apache.derby.impl.jdbc.Util.generateCsSQLException(Unknown Source)
	at org.apache.derby.impl.jdbc.EmbedConnection.newSQLException(Unknown Source)
	at org.apache.derby.impl.jdbc.EmbedConnection.handleDBNotFound(Unknown Source)
	at org.apache.derby.impl.jdbc.EmbedConnection.<init>(Unknown Source)
	at org.apache.derby.jdbc.InternalDriver$1.run(Unknown Source)
	at org.apache.derby.jdbc.InternalDriver$1.run(Unknown Source)
	at java.security.AccessController.doPrivileged(Native Method)
	at org.apache.derby.jdbc.InternalDriver.getNewEmbedConnection(Unknown Source)
	at org.apache.derby.jdbc.InternalDriver.connect(Unknown Source)
	at org.apache.derby.jdbc.InternalDriver.connect(Unknown Source)
	at org.apache.derby.jdbc.AutoloadedDriver.connect(Unknown Source)
	at java.sql.DriverManager.getConnection(DriverManager.java:664)
	at java.sql.DriverManager.getConnection(DriverManager.java:270)
	at org.eclipse.scout.rt.server.jdbc.internal.pool.SqlConnectionBuilder.createJdbcConnection(SqlConnectionBuilder.java:63)
	at org.eclipse.scout.rt.server.jdbc.internal.pool.SqlConnectionPool.leaseConnection(SqlConnectionPool.java:103)
	at org.eclipse.scout.rt.server.jdbc.AbstractSqlService.leaseConnectionInternal(AbstractSqlService.java:550)
	at org.eclipse.scout.rt.server.jdbc.AbstractSqlService.execCreateConnection(AbstractSqlService.java:321)
	at org.eclipse.scout.rt.server.jdbc.AbstractSqlService.leaseConnection(AbstractSqlService.java:542)
	at org.eclipse.scout.rt.server.jdbc.AbstractSqlService.getTransaction(AbstractSqlService.java:621)
	at org.eclipse.scout.rt.server.jdbc.AbstractSqlService.selectInto(AbstractSqlService.java:659)
	at org.eclipse.scout.rt.server.jdbc.SQL.selectInto(SQL.java:110)
	at org.zeroclick.meeting.server.sql.DatabaseHelper.retrieveExistingTables(DatabaseHelper.java:107)
	at org.zeroclick.meeting.server.sql.DatabaseHelper.getExistingTables(DatabaseHelper.java:177)
	at org.zeroclick.meeting.server.sql.DatabaseHelper.dropTable(DatabaseHelper.java:54)
	at org.zeroclick.meeting.server.sql.DatabaseHelper.dropTable(DatabaseHelper.java:50)
	at org.zeroclick.meeting.server.sql.DatabaseSetupService.dropDataStore(DatabaseSetupService.java:247)
	at org.zeroclick.meeting.server.sql.DatabaseSetupService$1.run(DatabaseSetupService.java:48)
	at org.eclipse.scout.rt.platform.util.concurrent.Callables$1.call(Callables.java:37)
	at org.eclipse.scout.rt.platform.util.concurrent.Callables$1.call(Callables.java:1)
	at org.eclipse.scout.rt.platform.chain.callable.CallableChain$Chain.continueChain(CallableChain.java:185)
	at org.eclipse.scout.rt.platform.job.internal.ExceptionProcessor.intercept(ExceptionProcessor.java:41)
	at org.eclipse.scout.rt.platform.chain.callable.CallableChain$Chain.continueChain(CallableChain.java:180)
	at org.eclipse.scout.rt.platform.context.RunContextRunner$1.call(RunContextRunner.java:42)
	at org.eclipse.scout.rt.platform.chain.callable.CallableChain$Chain.continueChain(CallableChain.java:185)
	at org.eclipse.scout.rt.server.context.TransactionProcessor.runTxRequiresNew(TransactionProcessor.java:80)
	at org.eclipse.scout.rt.server.context.TransactionProcessor.intercept(TransactionProcessor.java:55)
	at org.eclipse.scout.rt.platform.chain.callable.CallableChain$Chain.continueChain(CallableChain.java:180)
	at org.eclipse.scout.rt.platform.security.SubjectProcessor$1.run(SubjectProcessor.java:47)
	at java.security.AccessController.doPrivileged(Native Method)
	at javax.security.auth.Subject.doAs(Subject.java:422)
	at org.eclipse.scout.rt.platform.security.SubjectProcessor.intercept(SubjectProcessor.java:43)
	at org.eclipse.scout.rt.platform.chain.callable.CallableChain$Chain.continueChain(CallableChain.java:180)
	at org.eclipse.scout.rt.platform.chain.callable.CallableChain.call(CallableChain.java:135)
	at org.eclipse.scout.rt.platform.context.RunContext.call(RunContext.java:121)
	at org.eclipse.scout.rt.platform.context.RunContextRunner.intercept(RunContextRunner.java:38)
	at org.eclipse.scout.rt.platform.chain.callable.CallableChain$Chain.continueChain(CallableChain.java:180)
	at org.eclipse.scout.rt.platform.chain.callable.CallableChain.call(CallableChain.java:135)
	at org.eclipse.scout.rt.platform.job.internal.JobFutureTask$1.call(JobFutureTask.java:100)
	at java.util.concurrent.FutureTask.run(FutureTask.java:266)
	at org.eclipse.scout.rt.platform.job.internal.JobFutureTask.run(JobFutureTask.java:160)
	at java.util.concurrent.ThreadPoolExecutor.runWorker(ThreadPoolExecutor.java:1142)
	at java.util.concurrent.ThreadPoolExecutor$Worker.run(ThreadPoolExecutor.java:617)
	at java.lang.Thread.run(Thread.java:745)
	at org.eclipse.scout.rt.platform.job.internal.NamedThreadFactory$1.run(NamedThreadFactory.java:54)
============= end nested exception, level (1) ===========
Cleanup action completed
Sun Sep 17 20:09:08 CEST 2017 Thread[scout-thread-25,5,main] Cleanup action starting
java.sql.SQLException: Database 'memory:zeroclick-database' not found.
	at org.apache.derby.impl.jdbc.SQLExceptionFactory.getSQLException(Unknown Source)
	at org.apache.derby.impl.jdbc.SQLExceptionFactory.getSQLException(Unknown Source)
	at org.apache.derby.impl.jdbc.Util.generateCsSQLException(Unknown Source)
	at org.apache.derby.impl.jdbc.Util.generateCsSQLException(Unknown Source)
	at org.apache.derby.impl.jdbc.EmbedConnection.newSQLException(Unknown Source)
	at org.apache.derby.impl.jdbc.EmbedConnection.handleDBNotFound(Unknown Source)
	at org.apache.derby.impl.jdbc.EmbedConnection.<init>(Unknown Source)
	at org.apache.derby.jdbc.InternalDriver$1.run(Unknown Source)
	at org.apache.derby.jdbc.InternalDriver$1.run(Unknown Source)
	at java.security.AccessController.doPrivileged(Native Method)
	at org.apache.derby.jdbc.InternalDriver.getNewEmbedConnection(Unknown Source)
	at org.apache.derby.jdbc.InternalDriver.connect(Unknown Source)
	at org.apache.derby.jdbc.InternalDriver.connect(Unknown Source)
	at org.apache.derby.jdbc.AutoloadedDriver.connect(Unknown Source)
	at java.sql.DriverManager.getConnection(DriverManager.java:664)
	at java.sql.DriverManager.getConnection(DriverManager.java:270)
	at org.eclipse.scout.rt.server.jdbc.internal.pool.SqlConnectionBuilder.createJdbcConnection(SqlConnectionBuilder.java:63)
	at org.eclipse.scout.rt.server.jdbc.internal.pool.SqlConnectionPool.leaseConnection(SqlConnectionPool.java:103)
	at org.eclipse.scout.rt.server.jdbc.AbstractSqlService.leaseConnectionInternal(AbstractSqlService.java:550)
	at org.eclipse.scout.rt.server.jdbc.AbstractSqlService.execCreateConnection(AbstractSqlService.java:321)
	at org.eclipse.scout.rt.server.jdbc.AbstractSqlService.leaseConnection(AbstractSqlService.java:542)
	at org.eclipse.scout.rt.server.jdbc.AbstractSqlService.getTransaction(AbstractSqlService.java:621)
	at org.eclipse.scout.rt.server.jdbc.AbstractSqlService.select(AbstractSqlService.java:649)
	at org.eclipse.scout.rt.server.jdbc.SQL.select(SQL.java:94)
	at org.zeroclick.meeting.server.sql.DatabaseHelper.isSequenceExists(DatabaseHelper.java:86)
	at org.zeroclick.meeting.server.sql.DatabaseHelper.createSequence(DatabaseHelper.java:63)
	at org.zeroclick.meeting.server.sql.DatabaseHelper.createSequence(DatabaseHelper.java:72)
	at org.zeroclick.meeting.server.sql.DatabaseSetupService.createEventTable(DatabaseSetupService.java:121)
	at org.zeroclick.meeting.server.sql.DatabaseSetupService$3.run(DatabaseSetupService.java:106)
	at org.eclipse.scout.rt.platform.util.concurrent.Callables$1.call(Callables.java:37)
	at org.eclipse.scout.rt.platform.util.concurrent.Callables$1.call(Callables.java:1)
	at org.eclipse.scout.rt.platform.chain.callable.CallableChain$Chain.continueChain(CallableChain.java:185)
	at org.eclipse.scout.rt.server.context.TransactionProcessor.runTxRequiresNew(TransactionProcessor.java:80)
	at org.eclipse.scout.rt.server.context.TransactionProcessor.intercept(TransactionProcessor.java:55)
	at org.eclipse.scout.rt.platform.chain.callable.CallableChain$Chain.continueChain(CallableChain.java:180)
	at org.eclipse.scout.rt.platform.security.SubjectProcessor$1.run(SubjectProcessor.java:47)
	at java.security.AccessController.doPrivileged(Native Method)
	at javax.security.auth.Subject.doAs(Subject.java:422)
	at org.eclipse.scout.rt.platform.security.SubjectProcessor.intercept(SubjectProcessor.java:43)
	at org.eclipse.scout.rt.platform.chain.callable.CallableChain$Chain.continueChain(CallableChain.java:180)
	at org.eclipse.scout.rt.platform.chain.callable.CallableChain.call(CallableChain.java:135)
	at org.eclipse.scout.rt.platform.context.RunContext.call(RunContext.java:121)
	at org.eclipse.scout.rt.platform.context.RunContext.call(RunContext.java:101)
	at org.eclipse.scout.rt.platform.context.RunContext.run(RunContext.java:72)
	at org.zeroclick.meeting.server.sql.DatabaseSetupService.populateDataBase(DatabaseSetupService.java:113)
	at org.zeroclick.meeting.server.sql.DatabaseSetupService$2.changed(DatabaseSetupService.java:82)
	at org.eclipse.scout.rt.platform.job.internal.JobListenerWithFilter.changed(JobListenerWithFilter.java:37)
	at org.eclipse.scout.rt.platform.job.internal.JobListeners.notifyLocalListeners(JobListeners.java:126)
	at org.eclipse.scout.rt.platform.job.internal.JobListeners.notifyListeners(JobListeners.java:105)
	at org.eclipse.scout.rt.platform.job.internal.JobManager.fireEvent(JobManager.java:246)
	at org.eclipse.scout.rt.platform.job.internal.JobFutureTask.changeState(JobFutureTask.java:594)
	at org.eclipse.scout.rt.platform.job.internal.JobFutureTask.changeState(JobFutureTask.java:567)
	at org.eclipse.scout.rt.platform.job.internal.JobFutureTask.done(JobFutureTask.java:179)
	at java.util.concurrent.FutureTask.finishCompletion(FutureTask.java:384)
	at java.util.concurrent.FutureTask.setException(FutureTask.java:251)
	at java.util.concurrent.FutureTask.run(FutureTask.java:271)
	at org.eclipse.scout.rt.platform.job.internal.JobFutureTask.run(JobFutureTask.java:160)
	at java.util.concurrent.ThreadPoolExecutor.runWorker(ThreadPoolExecutor.java:1142)
	at java.util.concurrent.ThreadPoolExecutor$Worker.run(ThreadPoolExecutor.java:617)
	at java.lang.Thread.run(Thread.java:745)
	at org.eclipse.scout.rt.platform.job.internal.NamedThreadFactory$1.run(NamedThreadFactory.java:54)
Caused by: ERROR XJ004: Database 'memory:zeroclick-database' not found.
	at org.apache.derby.iapi.error.StandardException.newException(Unknown Source)
	at org.apache.derby.impl.jdbc.SQLExceptionFactory.wrapArgsForTransportAcrossDRDA(Unknown Source)
	... 61 more
============= begin nested exception, level (1) ===========
ERROR XJ004: Database 'memory:zeroclick-database' not found.
	at org.apache.derby.iapi.error.StandardException.newException(Unknown Source)
	at org.apache.derby.impl.jdbc.SQLExceptionFactory.wrapArgsForTransportAcrossDRDA(Unknown Source)
	at org.apache.derby.impl.jdbc.SQLExceptionFactory.getSQLException(Unknown Source)
	at org.apache.derby.impl.jdbc.SQLExceptionFactory.getSQLException(Unknown Source)
	at org.apache.derby.impl.jdbc.Util.generateCsSQLException(Unknown Source)
	at org.apache.derby.impl.jdbc.Util.generateCsSQLException(Unknown Source)
	at org.apache.derby.impl.jdbc.EmbedConnection.newSQLException(Unknown Source)
	at org.apache.derby.impl.jdbc.EmbedConnection.handleDBNotFound(Unknown Source)
	at org.apache.derby.impl.jdbc.EmbedConnection.<init>(Unknown Source)
	at org.apache.derby.jdbc.InternalDriver$1.run(Unknown Source)
	at org.apache.derby.jdbc.InternalDriver$1.run(Unknown Source)
	at java.security.AccessController.doPrivileged(Native Method)
	at org.apache.derby.jdbc.InternalDriver.getNewEmbedConnection(Unknown Source)
	at org.apache.derby.jdbc.InternalDriver.connect(Unknown Source)
	at org.apache.derby.jdbc.InternalDriver.connect(Unknown Source)
	at org.apache.derby.jdbc.AutoloadedDriver.connect(Unknown Source)
	at java.sql.DriverManager.getConnection(DriverManager.java:664)
	at java.sql.DriverManager.getConnection(DriverManager.java:270)
	at org.eclipse.scout.rt.server.jdbc.internal.pool.SqlConnectionBuilder.createJdbcConnection(SqlConnectionBuilder.java:63)
	at org.eclipse.scout.rt.server.jdbc.internal.pool.SqlConnectionPool.leaseConnection(SqlConnectionPool.java:103)
	at org.eclipse.scout.rt.server.jdbc.AbstractSqlService.leaseConnectionInternal(AbstractSqlService.java:550)
	at org.eclipse.scout.rt.server.jdbc.AbstractSqlService.execCreateConnection(AbstractSqlService.java:321)
	at org.eclipse.scout.rt.server.jdbc.AbstractSqlService.leaseConnection(AbstractSqlService.java:542)
	at org.eclipse.scout.rt.server.jdbc.AbstractSqlService.getTransaction(AbstractSqlService.java:621)
	at org.eclipse.scout.rt.server.jdbc.AbstractSqlService.select(AbstractSqlService.java:649)
	at org.eclipse.scout.rt.server.jdbc.SQL.select(SQL.java:94)
	at org.zeroclick.meeting.server.sql.DatabaseHelper.isSequenceExists(DatabaseHelper.java:86)
	at org.zeroclick.meeting.server.sql.DatabaseHelper.createSequence(DatabaseHelper.java:63)
	at org.zeroclick.meeting.server.sql.DatabaseHelper.createSequence(DatabaseHelper.java:72)
	at org.zeroclick.meeting.server.sql.DatabaseSetupService.createEventTable(DatabaseSetupService.java:121)
	at org.zeroclick.meeting.server.sql.DatabaseSetupService$3.run(DatabaseSetupService.java:106)
	at org.eclipse.scout.rt.platform.util.concurrent.Callables$1.call(Callables.java:37)
	at org.eclipse.scout.rt.platform.util.concurrent.Callables$1.call(Callables.java:1)
	at org.eclipse.scout.rt.platform.chain.callable.CallableChain$Chain.continueChain(CallableChain.java:185)
	at org.eclipse.scout.rt.server.context.TransactionProcessor.runTxRequiresNew(TransactionProcessor.java:80)
	at org.eclipse.scout.rt.server.context.TransactionProcessor.intercept(TransactionProcessor.java:55)
	at org.eclipse.scout.rt.platform.chain.callable.CallableChain$Chain.continueChain(CallableChain.java:180)
	at org.eclipse.scout.rt.platform.security.SubjectProcessor$1.run(SubjectProcessor.java:47)
	at java.security.AccessController.doPrivileged(Native Method)
	at javax.security.auth.Subject.doAs(Subject.java:422)
	at org.eclipse.scout.rt.platform.security.SubjectProcessor.intercept(SubjectProcessor.java:43)
	at org.eclipse.scout.rt.platform.chain.callable.CallableChain$Chain.continueChain(CallableChain.java:180)
	at org.eclipse.scout.rt.platform.chain.callable.CallableChain.call(CallableChain.java:135)
	at org.eclipse.scout.rt.platform.context.RunContext.call(RunContext.java:121)
	at org.eclipse.scout.rt.platform.context.RunContext.call(RunContext.java:101)
	at org.eclipse.scout.rt.platform.context.RunContext.run(RunContext.java:72)
	at org.zeroclick.meeting.server.sql.DatabaseSetupService.populateDataBase(DatabaseSetupService.java:113)
	at org.zeroclick.meeting.server.sql.DatabaseSetupService$2.changed(DatabaseSetupService.java:82)
	at org.eclipse.scout.rt.platform.job.internal.JobListenerWithFilter.changed(JobListenerWithFilter.java:37)
	at org.eclipse.scout.rt.platform.job.internal.JobListeners.notifyLocalListeners(JobListeners.java:126)
	at org.eclipse.scout.rt.platform.job.internal.JobListeners.notifyListeners(JobListeners.java:105)
	at org.eclipse.scout.rt.platform.job.internal.JobManager.fireEvent(JobManager.java:246)
	at org.eclipse.scout.rt.platform.job.internal.JobFutureTask.changeState(JobFutureTask.java:594)
	at org.eclipse.scout.rt.platform.job.internal.JobFutureTask.changeState(JobFutureTask.java:567)
	at org.eclipse.scout.rt.platform.job.internal.JobFutureTask.done(JobFutureTask.java:179)
	at java.util.concurrent.FutureTask.finishCompletion(FutureTask.java:384)
	at java.util.concurrent.FutureTask.setException(FutureTask.java:251)
	at java.util.concurrent.FutureTask.run(FutureTask.java:271)
	at org.eclipse.scout.rt.platform.job.internal.JobFutureTask.run(JobFutureTask.java:160)
	at java.util.concurrent.ThreadPoolExecutor.runWorker(ThreadPoolExecutor.java:1142)
	at java.util.concurrent.ThreadPoolExecutor$Worker.run(ThreadPoolExecutor.java:617)
	at java.lang.Thread.run(Thread.java:745)
	at org.eclipse.scout.rt.platform.job.internal.NamedThreadFactory$1.run(NamedThreadFactory.java:54)
============= end nested exception, level (1) ===========
Cleanup action completed
